<?xml version="1.0" encoding="UTF-8" ?>
<testsuite failures="1" time="3.02" errors="0" skipped="0" tests="4" name="com.hp.xs.devops.core.source.FistLogFileReaderTest">
  <properties>
[...]
</properties>
  <testcase time="1.485" classname="com.hp.xs.devops.core.source.FistLogFileReaderTest" name="testCreateReader">
    <failure message="results should not be null expected null, but was:&lt;[2014-04-22 02:00:28,058 [pool-2-thread-13] (CheckContentDataAction.java:127) INFO  - [ SM ]Location_NonConsolidation_InitialLoad true to compare!, 2014-04-22 02:00:28,341 [pool-2-thread-66] (CheckContentDataAction.java:127) INFO  - [ SM ]Model_NonConsolidation_InitialLoad true to compare!, 2014-04-22 02:00:35,137 [pool-2-thread-66] (CheckContentDataAction.java:127) INFO  - [ SM ]Person_NonConsolidation_InitialLoad true to compare!, 2014-04-22 02:00:36,191 [pool-2-thread-66] (CheckContentDataAction.java:127) INFO  - [ SM ]Change_NonConsolidation_InitialLoad true to compare!, 2014-04-22 02:00:40,070 [pool-2-thread-66] (CheckContentDataAction.java:127) INFO  - [ SM ]Incident_NonConsolidation_InitialLoad true to compare!, 2014-04-22 02:00:45,395 [pool-2-thread-66] (CheckContentDataAction.java:127) INFO  - [ SM ]Interaction_NonConsolidation_InitialLoad true to compare!, 2014-04-22 02:00:45,836 [pool-2-thread-38] (CheckContentDataAction.java:127) INFO  - [ SM ]SLA_NonConsolidation_InitialLoad true to compare!, 2014-04-22 02:00:47,031 [pool-2-thread-38] (CheckContentDataAction.java:127) INFO  - [ SM ]Org_NonConsolidation_InitialLoad true to compare!, 2014-04-22 02:00:47,719 [pool-2-thread-38] (CheckContentDataAction.java:127) INFO  - [ SM ]Service_NonConsolidation_InitialLoad true to compare!, 2014-04-22 02:00:48,118 [pool-2-thread-38] (CheckContentDataAction.java:127) INFO  - [ SM ]SLAOUTAGE_NonConsolidation_InitialLoad true to compare!, 2014-04-22 02:00:48,496 [pool-2-thread-38] (CheckContentDataAction.java:127) INFO  - [ SM1 ]SLAStatus_NonConsolidation_InitialLoad true to compare!, 2014-04-22 02:00:48,818 [pool-2-thread-38] (CheckContentDataAction.java:127) INFO  - [ SM2 ]SLAStatus_NonConsolidation_InitialLoad true to compare!, 2014-04-22 02:00:57,619 [pool-2-thread-38] (CheckContentDataAction.java:127) INFO  - [ SM ]Node_NonConsolidation_InitialLoad true to compare!, 2014-04-22 02:01:01,767 [pool-2-thread-38] (CheckContentDataAction.java:127) INFO  - [ SM ]CI_NonConsolidation_InitialLoad true to compare!, 2014-04-22 02:01:02,158 [pool-2-thread-38] (CheckContentDataAction.java:127) INFO  - [ SM ]Application_NonConsolidation_InitialLoad true to compare!, 2014-04-22 02:31:36,430 [pool-2-thread-60] (CheckContentDataAction.java:127) INFO  - [ SM ]Location_NonConsolidation_Insert true to compare!, 2014-04-22 02:31:36,687 [pool-2-thread-60] (CheckContentDataAction.java:127) INFO  - [ SM ]Location_NonConsolidation_SCD1 true to compare!, 2014-04-22 02:31:36,993 [pool-2-thread-60] (CheckContentDataAction.java:127) INFO  - [ SM ]Location_NonConsolidation_SCD2 true to compare!, 2014-04-22 02:31:37,234 [pool-2-thread-60] (CheckContentDataAction.java:127) INFO  - [ SM ]Location_NonConsolidation_Delete true to compare!, 2014-04-22 02:31:37,523 [pool-2-thread-60] (CheckContentDataAction.java:127) INFO  - [ SM ]Location_NonConsolidation_QualifierChange true to compare!, 2014-04-22 02:31:37,774 [pool-2-thread-60] (CheckContentDataAction.java:127) INFO  - [ SM ]MODEL_NonConsolidation_Insert true to compare!, 2014-04-22 02:31:38,002 [pool-2-thread-60] (CheckContentDataAction.java:127) INFO  - [ SM ]MODEL_NonConsolidation_SCD1 true to compare!, 2014-04-22 02:31:38,211 [pool-2-thread-60] (CheckContentDataAction.java:127) INFO  - [ SM ]MODEL_NonConsolidation_Delete true to compare!, 2014-04-22 02:31:38,442 [pool-2-thread-60] (CheckContentDataAction.java:127) INFO  - [ SM ]MODEL_NonConsolidation_QualifierChange true to compare!, 2014-04-22 02:31:38,770 [pool-2-thread-60] (CheckContentDataAction.java:127) INFO  - [ SM ]PERSON_NonConsolidation_Insert true to compare!, 2014-04-22 02:31:39,182 [pool-2-thread-60] (CheckContentDataAction.java:127) INFO  - [ SM ]PERSON_NonConsolidation_SCD1 true to compare!, 2014-04-22 02:31:39,540 [pool-2-thread-60] (CheckContentDataAction.java:127) INFO  - [ SM ]PERSON_NonConsolidation_SCD2 true to compare!, 2014-04-22 02:31:39,829 [pool-2-thread-60] (CheckContentDataAction.java:127) INFO  - [ SM ]PERSON_NonConsolidation_Delete true to compare!, 2014-04-22 02:31:40,109 [pool-2-thread-60] (CheckContentDataAction.java:127) INFO  - [ SM ]PERSON_NonConsolidation_QualifierChange true to compare!, 2014-04-22 02:31:40,407 [pool-2-thread-60] (CheckContentDataAction.java:127) INFO  - [ SM ]Change_NonConsolidation_Insert true to compare!, 2014-04-22 02:31:40,842 [pool-2-thread-60] (CheckContentDataAction.java:127) INFO  - [ SM ]Change_NonConsolidation_SCD1 true to compare!, 2014-04-22 02:31:41,201 [pool-2-thread-60] (CheckContentDataAction.java:127) INFO  - [ SM ]Change_NonConsolidation_SCD2 true to compare!, 2014-04-22 02:31:41,615 [pool-2-thread-60] (CheckContentDataAction.java:127) INFO  - [ SM ]Incident_NonConsolidation_Insert true to compare!, 2014-04-22 02:31:42,025 [pool-2-thread-60] (CheckContentDataAction.java:127) INFO  - [ SM ]Incident_NonConsolidation_SCD1 true to compare!, 2014-04-22 02:31:42,526 [pool-2-thread-60] (CheckContentDataAction.java:127) INFO  - [ SM ]Incident_NonConsolidation_SCD2 true to compare!, 2014-04-22 02:31:42,825 [pool-2-thread-60] (CheckContentDataAction.java:127) INFO  - [ SM ]Interaction_NonConsolidation_Insert true to compare!, 2014-04-22 02:31:43,402 [pool-2-thread-32] (CheckContentDataAction.java:127) INFO  - [ SM ]Interaction_NonConsolidation_SCD1 true to compare!, 2014-04-22 02:31:43,846 [pool-2-thread-32] (CheckContentDataAction.java:127) INFO  - [ SM ]Interaction_NonConsolidation_SCD2 true to compare!, 2014-04-22 02:31:44,088 [pool-2-thread-32] (CheckContentDataAction.java:127) INFO  - [ SM ]SLA_NonConsolidation_Insert true to compare!, 2014-04-22 02:31:44,298 [pool-2-thread-32] (CheckContentDataAction.java:127) INFO  - [ SM ]SLA_NonConsolidation_SCD1 true to compare!, 2014-04-22 02:31:44,550 [pool-2-thread-32] (CheckContentDataAction.java:127) INFO  - [ SM ]SLA_NonConsolidation_SCD2 true to compare!, 2014-04-22 02:31:44,739 [pool-2-thread-32] (CheckContentDataAction.java:127) INFO  - [ SM ]SLA_NonConsolidation_Delete true to compare!, 2014-04-22 02:31:45,125 [pool-2-thread-23] (CheckContentDataAction.java:127) INFO  - [ SM ]ORG_NonConsolidation_Insert true to compare!, 2014-04-22 02:31:45,425 [pool-2-thread-23] (CheckContentDataAction.java:127) INFO  - [ SM ]ORG_NonConsolidation_SCD2 true to compare!, 2014-04-22 02:31:45,660 [pool-2-thread-23] (CheckContentDataAction.java:127) INFO  - [ SM ]ORG_NonConsolidation_Delete true to compare!, 2014-04-22 02:31:45,922 [pool-2-thread-23] (CheckContentDataAction.java:127) INFO  - [ SM ]ORG_NonConsolidation_QualifierChange true to compare!, 2014-04-22 02:31:46,182 [pool-2-thread-23] (CheckContentDataAction.java:127) INFO  - [ SM ]SERVICE_NonConsolidation_Insert true to compare!, 2014-04-22 02:31:46,454 [pool-2-thread-23] (CheckContentDataAction.java:127) INFO  - [ SM ]SERVICE_NonConsolidation_SCD1 true to compare!, 2014-04-22 02:31:46,707 [pool-2-thread-23] (CheckContentDataAction.java:127) INFO  - [ SM ]SERVICE_NonConsolidation_SCD2 true to compare!, 2014-04-22 02:31:46,942 [pool-2-thread-23] (CheckContentDataAction.java:127) INFO  - [ SM ]SERVICE_NonConsolidation_Delete true to compare!, 2014-04-22 02:31:47,181 [pool-2-thread-23] (CheckContentDataAction.java:127) INFO  - [ SM ]SERVICE_NonConsolidation_QualifierChange true to compare!, 2014-04-22 02:31:47,457 [pool-2-thread-40] (CheckContentDataAction.java:127) INFO  - [ SM ]SLAOUTAGE_NonConsolidation_Insert true to compare!, 2014-04-22 02:31:47,775 [pool-2-thread-40] (CheckContentDataAction.java:127) INFO  - [ SM ]SLAOUTAGE_NonConsolidation_SCD1 true to compare!, 2014-04-22 02:31:48,125 [pool-2-thread-40] (CheckContentDataAction.java:127) INFO  - [ SM1 ]SLAStatus_NonConsolidation_Insert true to compare!, 2014-04-22 02:31:48,520 [pool-2-thread-40] (CheckContentDataAction.java:127) INFO  - [ SM1 ]SLAStatus_NonConsolidation_SCD1 true to compare!, 2014-04-22 02:31:48,843 [pool-2-thread-40] (CheckContentDataAction.java:127) INFO  - [ SM1 ]SLAStatus_NonConsolidation_Delete true to compare!, 2014-04-22 02:31:49,185 [pool-2-thread-40] (CheckContentDataAction.java:127) INFO  - [ SM2 ]SLAStatus_NonConsolidation_Insert true to compare!, 2014-04-22 02:31:49,581 [pool-2-thread-40] (CheckContentDataAction.java:127) INFO  - [ SM2 ]SLAStatus_NonConsolidation_SCD1 true to compare!, 2014-04-22 02:31:49,923 [pool-2-thread-40] (CheckContentDataAction.java:127) INFO  - [ SM2 ]SLAStatus_NonConsolidation_Delete true to compare!, 2014-04-22 02:31:50,204 [pool-2-thread-40] (CheckContentDataAction.java:127) INFO  - [ SM ]Node_NonConsolidation_Insert true to compare!, 2014-04-22 02:31:50,762 [pool-2-thread-40] (CheckContentDataAction.java:127) INFO  - [ SM ]Node_NonConsolidation_SCD1 true to compare!, 2014-04-22 02:31:51,242 [pool-2-thread-40] (CheckContentDataAction.java:127) INFO  - [ SM ]Node_NonConsolidation_Delete true to compare!, 2014-04-22 02:31:51,842 [pool-2-thread-40] (CheckContentDataAction.java:127) INFO  - [ SM ]Node_NonConsolidation_QualifierChange true to compare!, 2014-04-22 02:31:52,249 [pool-2-thread-89] (CheckContentDataAction.java:127) INFO  - [ SM ]CI_NonConsolidation_Insert true to compare!, 2014-04-22 02:31:52,624 [pool-2-thread-89] (CheckContentDataAction.java:127) INFO  - [ SM ]CI_NonConsolidation_SCD2 true to compare!, 2014-04-22 02:31:52,881 [pool-2-thread-89] (CheckContentDataAction.java:127) INFO  - [ SM ]CI_NonConsolidation_Delete true to compare!, 2014-04-22 02:31:53,190 [pool-2-thread-89] (CheckContentDataAction.java:127) INFO  - [ SM ]CI_NonConsolidation_QualifierChange true to compare!, 2014-04-22 02:31:53,465 [pool-2-thread-89] (CheckContentDataAction.java:127) INFO  - [ SM ]Application_NonConsolidation_Insert true to compare!, 2014-04-22 02:31:53,715 [pool-2-thread-89] (CheckContentDataAction.java:127) INFO  - [ SM ]Application_NonConsolidation_SCD1 true to compare!, 2014-04-22 02:31:54,083 [pool-2-thread-89] (CheckContentDataAction.java:127) INFO  - [ SM ]Application_NonConsolidation_SCD2 true to compare!, 2014-04-22 02:31:54,299 [pool-2-thread-89] (CheckContentDataAction.java:127) INFO  - [ SM ]Application_NonConsolidation_Delete true to compare!, 2014-04-22 02:31:54,557 [pool-2-thread-89] (CheckContentDataAction.java:127) INFO  - [ SM ]Application_NonConsolidation_QualifierChange true to compare!, 2014-04-22 02:37:49,861 [pool-2-thread-46] (CheckContentDataAction.java:127) INFO  - [ PPM ]ActualCost_NonConsolidation_InitialLoad true to compare!, 2014-04-22 02:37:52,352 [pool-2-thread-46] (CheckContentDataAction.java:127) INFO  - [ PPM ]Budgetline_NonConsolidation_InitialLoad true to compare!, 2014-04-22 02:37:52,628 [pool-2-thread-46] (CheckContentDataAction.java:127) INFO  - [ PPM ]Exchange_NonConsolidation_InitialLoad true to compare!, 2014-04-22 02:37:53,311 [pool-2-thread-46] (CheckContentDataAction.java:127) INFO  - [ PPM ]PlannedCost_NonConsolidation_InitialLoad true to compare!, 2014-04-22 02:37:54,033 [pool-2-thread-46] (CheckContentDataAction.java:127) INFO  - [ PPM1 ]PROJECT_NonConsolidation_InitialLoad true to compare!, 2014-04-22 02:37:54,450 [pool-2-thread-64] (CheckContentDataAction.java:127) INFO  - [ PPM2 ]PROJECT_NonConsolidation_InitialLoad true to compare!, 2014-04-22 02:37:55,789 [pool-2-thread-64] (CheckContentDataAction.java:127) INFO  - [ PPM1 ]PROJECTISSUE_NonConsolidation_InitialLoad true to compare!, 2014-04-22 02:37:57,487 [pool-2-thread-64] (CheckContentDataAction.java:127) INFO  - [ PPM2 ]PROJECTISSUE_NonConsolidation_InitialLoad true to compare!, 2014-04-22 02:38:05,093 [pool-2-thread-50] (CheckContentDataAction.java:127) INFO  - [ PPM1 ]PROJECTTASK_NonConsolidation_InitialLoad true to compare!, 2014-04-22 02:38:11,223 [pool-2-thread-50] (CheckContentDataAction.java:127) INFO  - [ PPM ]REQUEST_NonConsolidation_InitialLoad true to compare!, 2014-04-22 02:38:14,317 [pool-2-thread-50] (CheckContentDataAction.java:127) INFO  - [ PPM ]Person_NonConsolidation_InitialLoad true to compare!, 2014-04-22 02:38:15,205 [pool-2-thread-52] (CheckContentDataAction.java:127) INFO  - [ PPM ]Org_NonConsolidation_InitialLoad true to compare!, 2014-04-22 02:38:15,474 [pool-2-thread-52] (CheckContentDataAction.java:127) INFO  - [ PPM ]PRJOBJECTIVE_NonConsolidation_InitialLoad true to compare!, 2014-04-22 02:38:25,221 [pool-2-thread-52] (CheckContentDataAction.java:127) INFO  - [ PPM2 ]PROJECTTASK_NonConsolidation_InitialLoad true to compare!, 2014-04-22 02:38:25,612 [pool-2-thread-52] (CheckContentDataAction.java:127) INFO  - [ PPM ]PROGRAM_NonConsolidation_InitialLoad true to compare!, 2014-04-22 02:38:25,937 [pool-2-thread-52] (CheckContentDataAction.java:127) INFO  - [ PPM ]LOCATION_NonConsolidation_InitialLoad true to compare!, 2014-04-22 02:38:47,243 [pool-2-thread-52] (CheckContentDataAction.java:127) INFO  - [ PPM ]Request_Detail_PLHD_NonConsolidation_InitialLoad true to compare!, 2014-04-22 02:39:07,171 [pool-2-thread-52] (CheckContentDataAction.java:127) INFO  - [ PPM ]Request_Header_PLHD_NonConsolidation_InitialLoad true to compare!, 2014-04-22 02:39:09,176 [pool-2-thread-75] (CheckContentDataAction.java:127) INFO  - [ PPM ]Request_TYPE_UD_PLHD_NonConsolidation_InitialLoad true to compare!, 2014-04-22 02:39:17,487 [pool-2-thread-75] (CheckContentDataAction.java:131) INFO  - [ PPM ]Request_USERDATA_PLHD_NonConsolidation_InitialLoad true to compare!, 2014-04-22 02:54:30,604 [pool-2-thread-17] (CheckContentDataAction.java:127) INFO  - [ AWSCW ]SERVICE_PROVIDER_UTILIZATION_NonConsolidation_InitialLoad true to compare!, 2014-04-22 03:12:57,093 [pool-2-thread-32] (CheckContentDataAction.java:127) INFO  - [ PPM ]ActualCost_NonConsolidation_Insert true to compare!, 2014-04-22 03:12:58,722 [pool-2-thread-34] (CheckContentDataAction.java:127) INFO  - [ PPM ]ActualCost_NonConsolidation_SCD1 true to compare!, 2014-04-22 03:13:00,188 [pool-2-thread-34] (CheckContentDataAction.java:127) INFO  - [ PPM ]ActualCost_NonConsolidation_QualifierChange true to compare!, 2014-04-22 03:13:00,607 [pool-2-thread-34] (CheckContentDataAction.java:127) INFO  - [ PPM ]Budgetline_NonConsolidation_Insert true to compare!, 2014-04-22 03:13:01,249 [pool-2-thread-34] (CheckContentDataAction.java:127) INFO  - [ PPM ]Budgetline_NonConsolidation_Delete true to compare!, 2014-04-22 03:13:01,849 [pool-2-thread-34] (CheckContentDataAction.java:127) INFO  - [ PPM ]Budgetline_NonConsolidation_QualifierChange true to compare!, 2014-04-22 03:13:02,167 [pool-2-thread-34] (CheckContentDataAction.java:127) INFO  - [ PPM ]Exchange_NonConsolidation_Insert true to compare!, 2014-04-22 03:13:02,564 [pool-2-thread-34] (CheckContentDataAction.java:127) INFO  - [ PPM ]Exchange_NonConsolidation_SCD1 true to compare!, 2014-04-22 03:13:03,205 [pool-2-thread-12] (CheckContentDataAction.java:127) INFO  - [ PPM ]LOCATION_NonConsolidation_Insert true to compare!, 2014-04-22 03:13:03,537 [pool-2-thread-12] (CheckContentDataAction.java:127) INFO  - [ PPM ]LOCATION_NonConsolidation_SCD1 true to compare!, 2014-04-22 03:13:03,810 [pool-2-thread-18] (CheckContentDataAction.java:127) INFO  - [ PPM ]LOCATION_NonConsolidation_Delete true to compare!, 2014-04-22 03:13:04,115 [pool-2-thread-18] (CheckContentDataAction.java:127) INFO  - [ PPM ]LOCATION_NonConsolidation_QualifierChange true to compare!, 2014-04-22 03:13:04,450 [pool-2-thread-18] (CheckContentDataAction.java:127) INFO  - [ PPM ]Org_NonConsolidation_Insert true to compare!, 2014-04-22 03:13:04,717 [pool-2-thread-18] (CheckContentDataAction.java:127) INFO  - [ PPM ]Org_NonConsolidation_SCD1 true to compare!, 2014-04-22 03:13:05,109 [pool-2-thread-18] (CheckContentDataAction.java:127) INFO  - [ PPM ]Org_NonConsolidation_SCD2 true to compare!, 2014-04-22 03:13:05,364 [pool-2-thread-18] (CheckContentDataAction.java:127) INFO  - [ PPM ]Org_NonConsolidation_Delete true to compare!, 2014-04-22 03:13:05,629 [pool-2-thread-18] (CheckContentDataAction.java:127) INFO  - [ PPM ]Org_NonConsolidation_QualifierChange true to compare!, 2014-04-22 03:13:06,221 [pool-2-thread-18] (CheckContentDataAction.java:127) INFO  - [ PPM ]Person_NonConsolidation_Insert true to compare!, 2014-04-22 03:13:06,524 [pool-2-thread-18] (CheckContentDataAction.java:127) INFO  - [ PPM ]Person_NonConsolidation_SCD1 true to compare!, 2014-04-22 03:13:06,909 [pool-2-thread-18] (CheckContentDataAction.java:127) INFO  - [ PPM ]Person_NonConsolidation_SCD2 true to compare!, 2014-04-22 03:13:07,223 [pool-2-thread-18] (CheckContentDataAction.java:127) INFO  - [ PPM ]Person_NonConsolidation_QualifierChange true to compare!, 2014-04-22 03:13:08,252 [pool-2-thread-18] (CheckContentDataAction.java:127) INFO  - [ PPM ]PlannedCost_NonConsolidation_Insert true to compare!, 2014-04-22 03:13:08,893 [pool-2-thread-18] (CheckContentDataAction.java:127) INFO  - [ PPM ]PlannedCost_NonConsolidation_SCD1 true to compare!, 2014-04-22 03:13:09,620 [pool-2-thread-18] (CheckContentDataAction.java:127) INFO  - [ PPM ]PlannedCost_NonConsolidation_Delete true to compare!, 2014-04-22 03:13:09,920 [pool-2-thread-18] (CheckContentDataAction.java:127) INFO  - [ PPM ]PRJOBJECTIVE_NonConsolidation_Insert true to compare!, 2014-04-22 03:13:10,167 [pool-2-thread-18] (CheckContentDataAction.java:127) INFO  - [ PPM ]PRJOBJECTIVE_NonConsolidation_SCD1 true to compare!, 2014-04-22 03:13:10,570 [pool-2-thread-18] (CheckContentDataAction.java:127) INFO  - [ PPM ]PRJOBJECTIVE_NonConsolidation_SCD2 true to compare!, 2014-04-22 03:13:10,811 [pool-2-thread-18] (CheckContentDataAction.java:127) INFO  - [ PPM ]PRJOBJECTIVE_NonConsolidation_Delete true to compare!, 2014-04-22 03:13:11,103 [pool-2-thread-18] (CheckContentDataAction.java:127) INFO  - [ PPM ]PROGRAM_NonConsolidation_Insert true to compare!, 2014-04-22 03:13:11,379 [pool-2-thread-18] (CheckContentDataAction.java:127) INFO  - [ PPM ]PROGRAM_NonConsolidation_SCD1 true to compare!, 2014-04-22 03:13:11,746 [pool-2-thread-64] (CheckContentDataAction.java:127) INFO  - [ PPM ]PROGRAM_NonConsolidation_SCD2 true to compare!, 2014-04-22 03:13:12,029 [pool-2-thread-64] (CheckContentDataAction.java:127) INFO  - [ PPM ]PROGRAM_NonConsolidation_Delete true to compare!, 2014-04-22 03:13:12,601 [pool-2-thread-64] (CheckContentDataAction.java:127) INFO  - [ PPM1 ]PROJECT_NonConsolidation_Insert true to compare!, 2014-04-22 03:13:13,097 [pool-2-thread-50] (CheckContentDataAction.java:127) INFO  - [ PPM1 ]PROJECT_NonConsolidation_SCD1 true to compare!, 2014-04-22 03:13:14,127 [pool-2-thread-50] (CheckContentDataAction.java:127) INFO  - [ PPM1 ]PROJECT_NonConsolidation_SCD2 true to compare!, 2014-04-22 03:13:14,601 [pool-2-thread-50] (CheckContentDataAction.java:127) INFO  - [ PPM1 ]PROJECT_NonConsolidation_Delete true to compare!, 2014-04-22 03:13:14,886 [pool-2-thread-81] (CheckContentDataAction.java:127) INFO  - [ PPM2 ]PROJECT_NonConsolidation_Insert true to compare!, 2014-04-22 03:13:15,161 [pool-2-thread-81] (CheckContentDataAction.java:127) INFO  - [ PPM2 ]PROJECT_NonConsolidation_SCD1 true to compare!, 2014-04-22 03:13:15,380 [pool-2-thread-81] (CheckContentDataAction.java:127) INFO  - [ PPM2 ]PROJECT_NonConsolidation_Delete true to compare!, 2014-04-22 03:13:15,698 [pool-2-thread-78] (CheckContentDataAction.java:127) INFO  - [ PPM1 ]PROJECTISSUE_NonConsolidation_Insert true to compare!, 2014-04-22 03:13:15,999 [pool-2-thread-2] (CheckContentDataAction.java:127) INFO  - [ PPM1 ]PROJECTISSUE_NonConsolidation_SCD1 true to compare!, 2014-04-22 03:13:16,799 [pool-2-thread-2] (CheckContentDataAction.java:127) INFO  - [ PPM1 ]PROJECTISSUE_NonConsolidation_SCD2 true to compare!, 2014-04-22 03:13:17,116 [pool-2-thread-2] (CheckContentDataAction.java:127) INFO  - [ PPM1 ]PROJECTISSUE_NonConsolidation_Delete true to compare!, 2014-04-22 03:13:17,442 [pool-2-thread-2] (CheckContentDataAction.java:127) INFO  - [ PPM1 ]PROJECTTASK_NonConsolidation_Insert true to compare!, 2014-04-22 03:13:17,749 [pool-2-thread-2] (CheckContentDataAction.java:127) INFO  - [ PPM1 ]PROJECTTASK_NonConsolidation_SCD1 true to compare!, 2014-04-22 03:13:18,050 [pool-2-thread-2] (CheckContentDataAction.java:127) INFO  - [ PPM1 ]PROJECTTASK_NonConsolidation_SCD2 true to compare!, 2014-04-22 03:13:18,384 [pool-2-thread-2] (CheckContentDataAction.java:127) INFO  - [ PPM1 ]PROJECTTASK_NonConsolidation_Delete true to compare!, 2014-04-22 03:13:18,759 [pool-2-thread-2] (CheckContentDataAction.java:127) INFO  - [ PPM2 ]PROJECTTASK_NonConsolidation_Insert true to compare!, 2014-04-22 03:13:19,251 [pool-2-thread-2] (CheckContentDataAction.java:127) INFO  - [ PPM2 ]PROJECTTASK_NonConsolidation_SCD1 true to compare!, 2014-04-22 03:13:19,477 [pool-2-thread-2] (CheckContentDataAction.java:127) INFO  - [ PPM2 ]PROJECTTASK_NonConsolidation_Delete true to compare!, 2014-04-22 03:13:19,852 [pool-2-thread-2] (CheckContentDataAction.java:127) INFO  - [ PPM2 ]PROJECTISSUE_NonConsolidation_Insert true to compare!, 2014-04-22 03:13:20,252 [pool-2-thread-2] (CheckContentDataAction.java:127) INFO  - [ PPM2 ]PROJECTISSUE_NonConsolidation_SCD1 true to compare!, 2014-04-22 03:13:21,058 [pool-2-thread-2] (CheckContentDataAction.java:127) INFO  - [ PPM2 ]PROJECTISSUE_NonConsolidation_Delete true to compare!, 2014-04-22 03:13:21,446 [pool-2-thread-66] (CheckContentDataAction.java:127) INFO  - [ PPM ]REQUEST_NonConsolidation_Insert true to compare!, 2014-04-22 03:13:21,722 [pool-2-thread-66] (CheckContentDataAction.java:127) INFO  - [ PPM ]REQUEST_NonConsolidation_SCD1 true to compare!, 2014-04-22 03:13:22,129 [pool-2-thread-66] (CheckContentDataAction.java:127) INFO  - [ PPM ]REQUEST_NonConsolidation_SCD2 true to compare!, 2014-04-22 03:13:22,441 [pool-2-thread-66] (CheckContentDataAction.java:127) INFO  - [ PPM ]REQUEST_NonConsolidation_Delete true to compare!, 2014-04-22 03:13:22,798 [pool-2-thread-66] (CheckContentDataAction.java:127) INFO  - [ PPM ]Request_Detail_PLHD_NonConsolidation_Insert true to compare!, 2014-04-22 03:13:23,287 [pool-2-thread-66] (CheckContentDataAction.java:127) INFO  - [ PPM ]Request_Detail_PLHD_NonConsolidation_SCD1 true to compare!, 2014-04-22 03:13:23,587 [pool-2-thread-66] (CheckContentDataAction.java:127) INFO  - [ PPM ]Request_Detail_PLHD_NonConsolidation_Delete true to compare!, 2014-04-22 03:13:24,029 [pool-2-thread-75] (CheckContentDataAction.java:127) INFO  - [ PPM ]Request_Header_PLHD_NonConsolidation_Insert true to compare!, 2014-04-22 03:13:24,571 [pool-2-thread-56] (CheckContentDataAction.java:127) INFO  - [ PPM ]Request_Header_PLHD_NonConsolidation_SCD1 true to compare!, 2014-04-22 03:13:24,836 [pool-2-thread-56] (CheckContentDataAction.java:127) INFO  - [ PPM ]Request_Header_PLHD_NonConsolidation_Delete true to compare!, 2014-04-22 03:13:25,104 [pool-2-thread-56] (CheckContentDataAction.java:127) INFO  - [ PPM ]Request_TYPE_UD_PLHD_NonConsolidation_Insert true to compare!, 2014-04-22 03:13:25,359 [pool-2-thread-56] (CheckContentDataAction.java:127) INFO  - [ PPM ]Request_TYPE_UD_PLHD_NonConsolidation_SCD1 true to compare!, 2014-04-22 03:13:25,589 [pool-2-thread-56] (CheckContentDataAction.java:127) INFO  - [ PPM ]Request_TYPE_UD_PLHD_NonConsolidation_Delete true to compare!, 2014-04-22 03:13:25,979 [pool-2-thread-56] (CheckContentDataAction.java:127) INFO  - [ PPM ]Request_USERDATA_PLHD_NonConsolidation_Insert true to compare!, 2014-04-22 03:13:26,340 [pool-2-thread-56] (CheckContentDataAction.java:131) INFO  - [ PPM ]Request_USERDATA_PLHD_NonConsolidation_SCD1 true to compare!, 2014-04-22 03:13:26,614 [pool-2-thread-56] (CheckContentDataAction.java:127) INFO  - [ PPM ]Request_USERDATA_PLHD_NonConsolidation_Delete true to compare!, 2014-04-22 03:22:07,851 [pool-2-thread-44] (CheckContentDataAction.java:127) INFO  - [ AWSCW ]SERVICE_PROVIDER_UTILIZATION_NonConsolidation_Insert true to compare!, 2014-04-22 03:28:51,560 [pool-2-thread-68] (CheckContentDataAction.java:127) INFO  - [ AM ]ActualCost_NonConsolidation_InitialLoad true to compare!, 2014-04-22 03:28:51,856 [pool-2-thread-68] (CheckContentDataAction.java:127) INFO  - [ AM ]BudgetLine_NonConsolidation_InitialLoad true to compare!, 2014-04-22 03:29:05,396 [pool-2-thread-68] (CheckContentDataAction.java:127) INFO  - [ AM ]Asset_NonConsolidation_InitialLoad true to compare!, 2014-04-22 03:29:05,805 [pool-2-thread-68] (CheckContentDataAction.java:127) INFO  - [ AM ]Contract_NonConsolidation_InitialLoad true to compare!, 2014-04-22 03:29:06,244 [pool-2-thread-68] (CheckContentDataAction.java:127) INFO  - [ AM ]CostCenter_NonConsolidation_InitialLoad true to compare!, 2014-04-22 03:29:08,003 [pool-2-thread-68] (CheckContentDataAction.java:127) INFO  - [ AM ]Exchange_NonConsolidation_InitialLoad true to compare!, 2014-04-22 03:29:08,317 [pool-2-thread-68] (CheckContentDataAction.java:127) INFO  - [ AM ]Location_NonConsolidation_InitialLoad true to compare!, 2014-04-22 03:29:08,751 [pool-2-thread-68] (CheckContentDataAction.java:127) INFO  - [ AM ]Model_NonConsolidation_InitialLoad true to compare!, 2014-04-22 03:29:09,044 [pool-2-thread-68] (CheckContentDataAction.java:127) INFO  - [ AM ]Org_NonConsolidation_InitialLoad true to compare!, 2014-04-22 03:29:09,378 [pool-2-thread-64] (CheckContentDataAction.java:127) INFO  - [ AM ]Person_NonConsolidation_InitialLoad true to compare!, 2014-04-22 03:29:09,796 [pool-2-thread-64] (CheckContentDataAction.java:127) INFO  - [ AM ]PLANNEDCOST_NonConsolidation_InitialLoad true to compare!, 2014-04-22 03:29:10,120 [pool-2-thread-64] (CheckContentDataAction.java:127) INFO  - [ AM ]Project_NonConsolidation_InitialLoad true to compare!, 2014-04-22 03:29:10,520 [pool-2-thread-64] (CheckContentDataAction.java:127) INFO  - [ AM ]Service_NonConsolidation_InitialLoad true to compare!, 2014-04-22 03:29:12,359 [pool-2-thread-64] (CheckContentDataAction.java:127) INFO  - [ AM ]Node_NonConsolidation_InitialLoad true to compare!, 2014-04-22 03:29:15,686 [pool-2-thread-64] (CheckContentDataAction.java:127) INFO  - [ AM ]CI_NonConsolidation_InitialLoad true to compare!, 2014-04-22 03:29:15,973 [pool-2-thread-64] (CheckContentDataAction.java:127) INFO  - [ AM ]Application_NonConsolidation_InitialLoad true to compare!, 2014-04-22 03:59:05,296 [pool-2-thread-1] (CheckContentDataAction.java:127) INFO  - [ DP ]Node_NonConsolidation_InitialLoad true to compare!, 2014-04-22 03:59:06,265 [pool-2-thread-1] (CheckContentDataAction.java:127) INFO  - [ DP ]Backup_Policy_NonConsolidation_InitialLoad true to compare!, 2014-04-22 03:59:08,656 [pool-2-thread-1] (CheckContentDataAction.java:127) INFO  - [ DP ]Backup_Session_NonConsolidation_InitialLoad true to compare!, 2014-04-22 03:59:09,435 [pool-2-thread-1] (CheckContentDataAction.java:127) INFO  - [ DP ]Location_NonConsolidation_InitialLoad true to compare!, 2014-04-22 03:59:09,703 [pool-2-thread-44] (CheckContentDataAction.java:127) INFO  - [ DP ]Restore_Session_NonConsolidation_InitialLoad true to compare!, 2014-04-22 04:02:46,635 [pool-2-thread-6] (CheckContentDataAction.java:127) INFO  - [ AM ]ActualCost_NonConsolidation_Insert true to compare!, 2014-04-22 04:02:47,069 [pool-2-thread-6] (CheckContentDataAction.java:127) INFO  - [ AM ]ActualCost_NonConsolidation_SCD1 true to compare!, 2014-04-22 04:02:47,434 [pool-2-thread-6] (CheckContentDataAction.java:127) INFO  - [ AM ]ActualCost_NonConsolidation_Delete true to compare!, 2014-04-22 04:02:47,748 [pool-2-thread-6] (CheckContentDataAction.java:127) INFO  - [ AM ]BudgetLine_NonConsolidation_Insert true to compare!, 2014-04-22 04:02:48,023 [pool-2-thread-6] (CheckContentDataAction.java:127) INFO  - [ AM ]BudgetLine_NonConsolidation_SCD1 true to compare!, 2014-04-22 04:02:48,256 [pool-2-thread-6] (CheckContentDataAction.java:127) INFO  - [ AM ]BudgetLine_NonConsolidation_Delete true to compare!, 2014-04-22 04:02:48,812 [pool-2-thread-6] (CheckContentDataAction.java:127) INFO  - [ AM ]Asset_NonConsolidation_Insert true to compare!, 2014-04-22 04:02:49,554 [pool-2-thread-6] (CheckContentDataAction.java:127) INFO  - [ AM ]Asset_NonConsolidation_SCD1 true to compare!, 2014-04-22 04:02:50,055 [pool-2-thread-6] (CheckContentDataAction.java:127) INFO  - [ AM ]Asset_NonConsolidation_SCD2 true to compare!, 2014-04-22 04:02:50,509 [pool-2-thread-6] (CheckContentDataAction.java:127) INFO  - [ AM ]Asset_NonConsolidation_Delete true to compare!, 2014-04-22 04:02:50,789 [pool-2-thread-6] (CheckContentDataAction.java:127) INFO  - [ AM ]Contract_NonConsolidation_Insert true to compare!, 2014-04-22 04:02:51,194 [pool-2-thread-6] (CheckContentDataAction.java:127) INFO  - [ AM ]Contract_NonConsolidation_SCD1 true to compare!, 2014-04-22 04:02:51,605 [pool-2-thread-6] (CheckContentDataAction.java:127) INFO  - [ AM ]Contract_NonConsolidation_SCD2 true to compare!, 2014-04-22 04:02:51,903 [pool-2-thread-6] (CheckContentDataAction.java:127) INFO  - [ AM ]Contract_NonConsolidation_Delete true to compare!, 2014-04-22 04:02:52,436 [pool-2-thread-6] (CheckContentDataAction.java:127) INFO  - [ AM ]CostCenter_NonConsolidation_Insert true to compare!, 2014-04-22 04:02:52,769 [pool-2-thread-6] (CheckContentDataAction.java:127) INFO  - [ AM ]CostCenter_NonConsolidation_SCD1 true to compare!, 2014-04-22 04:02:53,061 [pool-2-thread-6] (CheckContentDataAction.java:127) INFO  - [ AM ]CostCenter_NonConsolidation_SCD2 true to compare!, 2014-04-22 04:02:53,312 [pool-2-thread-6] (CheckContentDataAction.java:127) INFO  - [ AM ]CostCenter_NonConsolidation_Delete true to compare!, 2014-04-22 04:02:53,595 [pool-2-thread-6] (CheckContentDataAction.java:127) INFO  - [ AM ]Exchange_NonConsolidation_Insert true to compare!, 2014-04-22 04:02:53,836 [pool-2-thread-6] (CheckContentDataAction.java:127) INFO  - [ AM ]Exchange_NonConsolidation_SCD1 true to compare!, 2014-04-22 04:02:54,076 [pool-2-thread-6] (CheckContentDataAction.java:127) INFO  - [ AM ]Location_NonConsolidation_Insert true to compare!, 2014-04-22 04:02:54,380 [pool-2-thread-6] (CheckContentDataAction.java:127) INFO  - [ AM ]Location_NonConsolidation_SCD1 true to compare!, 2014-04-22 04:02:54,750 [pool-2-thread-6] (CheckContentDataAction.java:127) INFO  - [ AM ]Location_NonConsolidation_SCD2 true to compare!, 2014-04-22 04:02:55,055 [pool-2-thread-6] (CheckContentDataAction.java:127) INFO  - [ AM ]Location_NonConsolidation_Delete true to compare!, 2014-04-22 04:02:55,442 [pool-2-thread-6] (CheckContentDataAction.java:127) INFO  - [ AM ]Model_NonConsolidation_Insert true to compare!, 2014-04-22 04:02:55,713 [pool-2-thread-6] (CheckContentDataAction.java:127) INFO  - [ AM ]Model_NonConsolidation_SCD1 true to compare!, 2014-04-22 04:02:56,010 [pool-2-thread-6] (CheckContentDataAction.java:127) INFO  - [ AM ]Model_NonConsolidation_SCD2 true to compare!, 2014-04-22 04:02:56,234 [pool-2-thread-6] (CheckContentDataAction.java:127) INFO  - [ AM ]Model_NonConsolidation_Delete true to compare!, 2014-04-22 04:02:56,494 [pool-2-thread-6] (CheckContentDataAction.java:127) INFO  - [ AM ]Org_NonConsolidation_Insert true to compare!, 2014-04-22 04:02:56,723 [pool-2-thread-6] (CheckContentDataAction.java:127) INFO  - [ AM ]Org_NonConsolidation_SCD1 true to compare!, 2014-04-22 04:02:56,988 [pool-2-thread-6] (CheckContentDataAction.java:127) INFO  - [ AM ]Org_NonConsolidation_SCD2 true to compare!, 2014-04-22 04:02:57,206 [pool-2-thread-6] (CheckContentDataAction.java:127) INFO  - [ AM ]Org_NonConsolidation_Delete true to compare!, 2014-04-22 04:02:57,482 [pool-2-thread-6] (CheckContentDataAction.java:127) INFO  - [ AM ]Person_NonConsolidation_Insert true to compare!, 2014-04-22 04:02:57,939 [pool-2-thread-6] (CheckContentDataAction.java:127) INFO  - [ AM ]Person_NonConsolidation_SCD1 true to compare!, 2014-04-22 04:02:58,372 [pool-2-thread-6] (CheckContentDataAction.java:127) INFO  - [ AM ]Person_NonConsolidation_SCD2 true to compare!, 2014-04-22 04:02:58,740 [pool-2-thread-6] (CheckContentDataAction.java:127) INFO  - [ AM ]Person_NonConsolidation_Delete true to compare!, 2014-04-22 04:02:59,057 [pool-2-thread-88] (CheckContentDataAction.java:127) INFO  - [ AM ]Project_NonConsolidation_Insert true to compare!, 2014-04-22 04:02:59,332 [pool-2-thread-88] (CheckContentDataAction.java:127) INFO  - [ AM ]Project_NonConsolidation_SCD1 true to compare!, 2014-04-22 04:02:59,693 [pool-2-thread-88] (CheckContentDataAction.java:127) INFO  - [ AM ]Project_NonConsolidation_SCD2 true to compare!, 2014-04-22 04:02:59,915 [pool-2-thread-88] (CheckContentDataAction.java:127) INFO  - [ AM ]Project_NonConsolidation_Delete true to compare!, 2014-04-22 04:03:00,315 [pool-2-thread-88] (CheckContentDataAction.java:127) INFO  - [ AM ]Service_NonConsolidation_Insert true to compare!, 2014-04-22 04:03:00,785 [pool-2-thread-88] (CheckContentDataAction.java:127) INFO  - [ AM ]Service_NonConsolidation_SCD1 true to compare!, 2014-04-22 04:03:01,292 [pool-2-thread-88] (CheckContentDataAction.java:127) INFO  - [ AM ]Service_NonConsolidation_SCD2 true to compare!, 2014-04-22 04:03:01,641 [pool-2-thread-88] (CheckContentDataAction.java:127) INFO  - [ AM ]Service_NonConsolidation_Delete true to compare!, 2014-04-22 04:03:02,025 [pool-2-thread-88] (CheckContentDataAction.java:127) INFO  - [ AM ]PLANNEDCOST_NonConsolidation_Insert true to compare!, 2014-04-22 04:03:02,534 [pool-2-thread-88] (CheckContentDataAction.java:127) INFO  - [ AM ]PLANNEDCOST_NonConsolidation_SCD1 true to compare!, 2014-04-22 04:03:02,860 [pool-2-thread-88] (CheckContentDataAction.java:127) INFO  - [ AM ]PLANNEDCOST_NonConsolidation_Delete true to compare!, 2014-04-22 04:03:03,163 [pool-2-thread-88] (CheckContentDataAction.java:127) INFO  - [ AM ]Node_NonConsolidation_Insert true to compare!, 2014-04-22 04:03:03,422 [pool-2-thread-88] (CheckContentDataAction.java:127) INFO  - [ AM ]Node_NonConsolidation_SCD1 true to compare!, 2014-04-22 04:03:03,775 [pool-2-thread-88] (CheckContentDataAction.java:127) INFO  - [ AM ]Node_NonConsolidation_SCD2 true to compare!, 2014-04-22 04:03:04,145 [pool-2-thread-88] (CheckContentDataAction.java:127) INFO  - [ AM ]Node_NonConsolidation_Delete true to compare!, 2014-04-22 04:03:04,528 [pool-2-thread-88] (CheckContentDataAction.java:127) INFO  - [ AM ]CI_NonConsolidation_Insert true to compare!, 2014-04-22 04:03:04,828 [pool-2-thread-88] (CheckContentDataAction.java:127) INFO  - [ AM ]CI_NonConsolidation_SCD2 true to compare!, 2014-04-22 04:03:05,037 [pool-2-thread-88] (CheckContentDataAction.java:127) INFO  - [ AM ]CI_NonConsolidation_Delete true to compare!, 2014-04-22 04:03:05,271 [pool-2-thread-88] (CheckContentDataAction.java:127) INFO  - [ AM ]Application_NonConsolidation_Insert true to compare!, 2014-04-22 04:03:05,594 [pool-2-thread-88] (CheckContentDataAction.java:127) INFO  - [ AM ]Application_NonConsolidation_SCD1 true to compare!, 2014-04-22 04:03:06,024 [pool-2-thread-88] (CheckContentDataAction.java:127) INFO  - [ AM ]Application_NonConsolidation_SCD2 true to compare!, 2014-04-22 04:03:06,306 [pool-2-thread-88] (CheckContentDataAction.java:127) INFO  - [ AM ]Application_NonConsolidation_Delete true to compare!, 2014-04-22 04:07:36,142 [pool-2-thread-60] (CheckContentDataAction.java:127) INFO  - [ UCMDB ]Service_NonConsolidation_InitialLoad true to compare!, 2014-04-22 04:07:36,470 [pool-2-thread-60] (CheckContentDataAction.java:127) INFO  - [ UCMDB ]Application_NonConsolidation_InitialLoad true to compare!, 2014-04-22 04:07:37,137 [pool-2-thread-60] (CheckContentDataAction.java:127) INFO  - [ UCMDB ]Node_NonConsolidation_InitialLoad true to compare!, 2014-04-22 04:07:37,839 [pool-2-thread-60] (CheckContentDataAction.java:127) INFO  - [ UCMDB ]CI_NonConsolidation_InitialLoad true to compare!, 2014-04-22 04:07:38,177 [pool-2-thread-60] (CheckContentDataAction.java:127) INFO  - [ UCMDB ]Ci_topology_NonConsolidation_InitialLoad true to compare!, 2014-04-22 04:29:44,484 [pool-2-thread-72] (CheckContentDataAction.java:127) INFO  - [ DP ]Backup_Policy_NonConsolidation_Insert true to compare!, 2014-04-22 04:29:44,899 [pool-2-thread-72] (CheckContentDataAction.java:127) INFO  - [ DP ]Backup_Session_NonConsolidation_Insert true to compare!, 2014-04-22 04:29:45,088 [pool-2-thread-72] (CheckContentDataAction.java:127) INFO  - [ DP ]Location_NonConsolidation_Insert true to compare!, 2014-04-22 04:29:45,277 [pool-2-thread-72] (CheckContentDataAction.java:127) INFO  - [ DP ]Node_NonConsolidation_Insert true to compare!, 2014-04-22 04:29:45,468 [pool-2-thread-44] (CheckContentDataAction.java:127) INFO  - [ DP ]Restore_Session_NonConsolidation_Insert true to compare!, 2014-04-22 04:41:09,077 [pool-2-thread-36] (CheckContentDataAction.java:127) INFO  - [ UCMDB ]Service_NonConsolidation_Insert true to compare!, 2014-04-22 04:41:09,323 [pool-2-thread-36] (CheckContentDataAction.java:127) INFO  - [ UCMDB ]Service_NonConsolidation_SCD2 true to compare!, 2014-04-22 04:41:09,556 [pool-2-thread-36] (CheckContentDataAction.java:127) INFO  - [ UCMDB ]Service_NonConsolidation_Delete true to compare!, 2014-04-22 04:41:09,758 [pool-2-thread-36] (CheckContentDataAction.java:127) INFO  - [ UCMDB ]Application_NonConsolidation_Insert true to compare!, 2014-04-22 04:41:09,949 [pool-2-thread-95] (CheckContentDataAction.java:127) INFO  - [ UCMDB ]Application_NonConsolidation_SCD1 true to compare!, 2014-04-22 04:41:10,185 [pool-2-thread-95] (CheckContentDataAction.java:127) INFO  - [ UCMDB ]Application_NonConsolidation_SCD2 true to compare!, 2014-04-22 04:41:10,325 [pool-2-thread-95] (CheckContentDataAction.java:127) INFO  - [ UCMDB ]Application_NonConsolidation_Delete true to compare!, 2014-04-22 04:41:10,564 [pool-2-thread-95] (CheckContentDataAction.java:127) INFO  - [ UCMDB ]Node_NonConsolidation_Insert true to compare!, 2014-04-22 04:41:10,761 [pool-2-thread-95] (CheckContentDataAction.java:127) INFO  - [ UCMDB ]Node_NonConsolidation_Delete true to compare!, 2014-04-22 04:41:11,294 [pool-2-thread-95] (CheckContentDataAction.java:127) INFO  - [ UCMDB ]CI_NonConsolidation_Insert true to compare!, 2014-04-22 04:41:12,082 [pool-2-thread-95] (CheckContentDataAction.java:127) INFO  - [ UCMDB ]CI_NonConsolidation_SCD2 true to compare!, 2014-04-22 04:41:12,359 [pool-2-thread-95] (CheckContentDataAction.java:127) INFO  - [ UCMDB ]CI_NonConsolidation_Delete true to compare!, 2014-04-22 04:41:12,602 [pool-2-thread-95] (CheckContentDataAction.java:127) INFO  - [ UCMDB ]Ci_topology_NonConsolidation_Insert true to compare!, 2014-04-22 04:41:12,808 [pool-2-thread-95] (CheckContentDataAction.java:127) INFO  - [ UCMDB ]Ci_topology_NonConsolidation_Delete true to compare!, 2014-04-22 04:58:22,121 [pool-2-thread-72] (CheckContentDataAction.java:127) INFO  - [ HPV ]ACTUALCOST_NonConsolidation_InitialLoad true to compare!, 2014-04-22 04:59:03,400 [pool-2-thread-72] (CheckContentDataAction.java:127) INFO  - [ HPV ]SERVICE_PROVIDER_BILLING_NonConsolidation_InitialLoad true to compare!, 2014-04-22 04:59:16,956 [pool-2-thread-49] (CheckContentDataAction.java:127) INFO  - [ HPV ]SERVICE_PROVIDER_UTILIZATION_NonConsolidation_InitialLoad true to compare!, 2014-04-22 05:27:48,235 [pool-2-thread-9] (CheckContentDataAction.java:127) INFO  - [ NNM ]NODE_NonConsolidation_InitialLoad true to compare!, 2014-04-22 05:28:40,715 [pool-2-thread-9] (CheckContentDataAction.java:127) INFO  - [ NNM ]NODE_METRIC_NonConsolidation_InitialLoad true to compare!, 2014-04-22 05:31:54,579 [pool-2-thread-74] (CheckContentDataAction.java:127) INFO  - [ OO ]DAILY_ROI_NonConsolidation_InitialLoad true to compare!, 2014-04-22 05:37:02,295 [pool-2-thread-5] (CheckContentDataAction.java:127) INFO  - [ HPV ]ACTUALCOST_NonConsolidation_Insert true to compare!, 2014-04-22 05:38:18,560 [pool-2-thread-98] (CheckContentDataAction.java:127) INFO  - [ HPV ]SERVICE_PROVIDER_BILLING_NonConsolidation_Insert true to compare!, 2014-04-22 05:38:46,603 [pool-2-thread-91] (CheckContentDataAction.java:127) INFO  - [ HPV ]SERVICE_PROVIDER_UTILIZATION_NonConsolidation_Insert true to compare!, 2014-04-22 06:02:28,291 [pool-2-thread-50] (CheckContentDataAction.java:127) INFO  - [ OO ]DAILY_ROI_NonConsolidation_Insert true to compare!, 2014-04-22 06:07:55,599 [pool-2-thread-34] (CheckContentDataAction.java:127) INFO  - [ NNM ]NODE_NonConsolidation_Insert true to compare!, 2014-04-22 06:07:55,965 [pool-2-thread-34] (CheckContentDataAction.java:127) INFO  - [ NNM ]NODE_NonConsolidation_SCD1 true to compare!, 2014-04-22 06:07:56,432 [pool-2-thread-34] (CheckContentDataAction.java:127) INFO  - [ NNM ]NODE_METRIC_NonConsolidation_Insert true to compare!, 2014-04-22 06:07:56,857 [pool-2-thread-34] (CheckContentDataAction.java:127) INFO  - [ NNM ]NODE_METRIC_NonConsolidation_SCD1 true to compare!, 2014-04-22 06:31:23,612 [pool-2-thread-57] (CheckContentDataAction.java:127) INFO  - [ CSA ]person_NonConsolidation_InitialLoad true to compare!, 2014-04-22 06:31:24,579 [pool-2-thread-23] (CheckContentDataAction.java:127) INFO  - [ CSA ]org_NonConsolidation_InitialLoad true to compare!, 2014-04-22 06:31:25,091 [pool-2-thread-23] (CheckContentDataAction.java:127) INFO  - [ CSA ]service_blueprint_NonConsolidation_InitialLoad true to compare!, 2014-04-22 06:31:26,110 [pool-2-thread-23] (CheckContentDataAction.java:127) INFO  - [ CSA ]service_instance_NonConsolidation_InitialLoad true to compare!, 2014-04-22 06:31:26,363 [pool-2-thread-23] (CheckContentDataAction.java:127) INFO  - [ CSA ]service_offering_NonConsolidation_InitialLoad true to compare!, 2014-04-22 06:31:27,479 [pool-2-thread-23] (CheckContentDataAction.java:127) INFO  - [ CSA ]component_NonConsolidation_InitialLoad true to compare!, 2014-04-22 06:31:28,645 [pool-2-thread-23] (CheckContentDataAction.java:127) INFO  - [ CSA ]subscription_NonConsolidation_InitialLoad true to compare!, 2014-04-22 06:33:44,132 [pool-2-thread-23] (CheckContentDataAction.java:127) INFO  - [ CSA ]billing_NonConsolidation_InitialLoad true to compare!, 2014-04-22 06:50:39,323 [pool-2-thread-88] (CheckContentDataAction.java:127) INFO  - [ SE ]Node_NonConsolidation_InitialLoad true to compare!, 2014-04-22 06:50:40,112 [pool-2-thread-88] (CheckContentDataAction.java:127) INFO  - [ SE ]STORAGE_EVENTS_NonConsolidation_InitialLoad true to compare!, 2014-04-22 06:51:05,057 [pool-2-thread-88] (CheckContentDataAction.java:127) INFO  - [ SE ]STORAGE_PATH_COMPLIANCE_NonConsolidation_InitialLoad true to compare!, 2014-04-22 06:51:05,826 [pool-2-thread-88] (CheckContentDataAction.java:127) INFO  - [ SE ]STORAGE_UTILIZATION_NonConsolidation_InitialLoad true to compare!, 2014-04-22 06:51:41,283 [pool-2-thread-88] (CheckContentDataAction.java:127) INFO  - [ SE ]STORAGE_VOLUME_NonConsolidation_InitialLoad true to compare!, 2014-04-22 06:56:09,379 [pool-2-thread-69] (CheckContentDataAction.java:127) INFO  - [ SA ]Node_NonConsolidation_InitialLoad true to compare!, 2014-04-22 06:56:10,353 [pool-2-thread-69] (CheckContentDataAction.java:127) INFO  - [ SA ]Policy_NonConsolidation_InitialLoad true to compare!, 2014-04-22 06:56:11,668 [pool-2-thread-69] (CheckContentDataAction.java:127) INFO  - [ SA ]Policy_Remediation_NonConsolidation_InitialLoad true to compare!, 2014-04-22 06:56:12,101 [pool-2-thread-69] (CheckContentDataAction.java:127) INFO  - [ SA ]Policy_Result_NonConsolidation_InitialLoad true to compare!, 2014-04-22 06:57:17,819 [pool-2-thread-88] (CheckContentDataAction.java:127) INFO  - [ SA ]Compliance_status_NonConsolidation_InitialLoad true to compare!, 2014-04-22 07:04:19,598 [pool-2-thread-85] (CheckContentDataAction.java:127) INFO  - [ CSA ]person_NonConsolidation_Insert true to compare!, 2014-04-22 07:04:20,219 [pool-2-thread-85] (CheckContentDataAction.java:127) INFO  - [ CSA ]org_NonConsolidation_Insert true to compare!, 2014-04-22 07:04:20,422 [pool-2-thread-85] (CheckContentDataAction.java:127) INFO  - [ CSA ]service_offering_NonConsolidation_Insert true to compare!, 2014-04-22 07:04:21,240 [pool-2-thread-85] (CheckContentDataAction.java:127) INFO  - [ CSA ]service_instance_NonConsolidation_Insert true to compare!, 2014-04-22 07:04:21,671 [pool-2-thread-85] (CheckContentDataAction.java:127) INFO  - [ CSA ]service_instance_NonConsolidation_SCD2 true to compare!, 2014-04-22 07:04:22,050 [pool-2-thread-85] (CheckContentDataAction.java:127) INFO  - [ CSA ]subscription_NonConsolidation_Insert true to compare!, 2014-04-22 07:04:22,514 [pool-2-thread-85] (CheckContentDataAction.java:127) INFO  - [ CSA ]subscription_NonConsolidation_SCD2 true to compare!, 2014-04-22 07:04:22,913 [pool-2-thread-85] (CheckContentDataAction.java:127) INFO  - [ CSA ]subscription_NonConsolidation_SCD1 true to compare!, 2014-04-22 07:04:23,195 [pool-2-thread-5] (CheckContentDataAction.java:127) INFO  - [ CSA ]subscription_NonConsolidation_Delete true to compare!, 2014-04-22 07:06:08,343 [pool-2-thread-5] (CheckContentDataAction.java:127) INFO  - [ CSA ]billing_NonConsolidation_Insert true to compare!, 2014-04-22 07:06:08,768 [pool-2-thread-5] (CheckContentDataAction.java:127) INFO  - [ CSA ]service_blueprint_NonConsolidation_Insert true to compare!, 2014-04-22 07:06:09,320 [pool-2-thread-5] (CheckContentDataAction.java:127) INFO  - [ CSA ]component_NonConsolidation_Insert true to compare!, 2014-04-22 07:22:27,143 [pool-2-thread-35] (CheckContentDataAction.java:127) INFO  - [ SE ]Node_NonConsolidation_Insert true to compare!, 2014-04-22 07:22:27,792 [pool-2-thread-35] (CheckContentDataAction.java:127) INFO  - [ SE ]Node_NonConsolidation_SCD1 true to compare!, 2014-04-22 07:22:28,276 [pool-2-thread-35] (CheckContentDataAction.java:127) INFO  - [ SE ]Node_NonConsolidation_Delete true to compare!, 2014-04-22 07:22:28,743 [pool-2-thread-35] (CheckContentDataAction.java:127) INFO  - [ SE ]Node_NonConsolidation_QualifierChange true to compare!, 2014-04-22 07:22:29,332 [pool-2-thread-18] (CheckContentDataAction.java:127) INFO  - [ SE ]STORAGE_EVENTS_NonConsolidation_Insert true to compare!, 2014-04-22 07:22:53,301 [pool-2-thread-3] (CheckContentDataAction.java:127) INFO  - [ SE ]STORAGE_PATH_COMPLIANCE_NonConsolidation_Insert true to compare!, 2014-04-22 07:22:53,549 [pool-2-thread-3] (CheckContentDataAction.java:127) INFO  - [ SE ]STORAGE_UTILIZATION_NonConsolidation_Insert true to compare!, 2014-04-22 07:22:56,881 [pool-2-thread-3] (CheckContentDataAction.java:127) INFO  - [ SE ]STORAGE_VOLUME_NonConsolidation_Insert true to compare!, 2014-04-22 07:23:00,129 [pool-2-thread-28] (CheckContentDataAction.java:127) INFO  - [ SE ]STORAGE_VOLUME_NonConsolidation_SCD2 true to compare!, 2014-04-22 07:23:03,268 [pool-2-thread-28] (CheckContentDataAction.java:127) INFO  - [ SE ]STORAGE_VOLUME_NonConsolidation_Delete true to compare!, 2014-04-22 07:27:54,503 [pool-2-thread-86] (CheckContentDataAction.java:127) INFO  - [ SA ]Node_NonConsolidation_Insert true to compare!, 2014-04-22 07:27:54,701 [pool-2-thread-86] (CheckContentDataAction.java:127) INFO  - [ SA ]Node_NonConsolidation_SCD1 true to compare!, 2014-04-22 07:27:54,900 [pool-2-thread-86] (CheckContentDataAction.java:127) INFO  - [ SA ]Node_NonConsolidation_SCD2 true to compare!, 2014-04-22 07:27:55,082 [pool-2-thread-86] (CheckContentDataAction.java:127) INFO  - [ SA ]Node_NonConsolidation_Delete true to compare!, 2014-04-22 07:27:55,249 [pool-2-thread-86] (CheckContentDataAction.java:127) INFO  - [ SA ]Node_NonConsolidation_QualifierChange true to compare!, 2014-04-22 07:27:55,405 [pool-2-thread-86] (CheckContentDataAction.java:127) INFO  - [ SA ]Policy_NonConsolidation_Insert true to compare!, 2014-04-22 07:27:55,555 [pool-2-thread-86] (CheckContentDataAction.java:127) INFO  - [ SA ]Policy_NonConsolidation_SCD1 true to compare!, 2014-04-22 07:27:56,121 [pool-2-thread-86] (CheckContentDataAction.java:127) INFO  - [ SA ]Policy_Remediation_NonConsolidation_Insert true to compare!, 2014-04-22 07:27:56,407 [pool-2-thread-86] (CheckContentDataAction.java:127) INFO  - [ SA ]Policy_Result_NonConsolidation_Insert true to compare!, 2014-04-22 07:28:13,100 [pool-2-thread-80] (CheckContentDataAction.java:127) INFO  - [ SA ]Compliance_status_NonConsolidation_Insert true to compare!, 2014-04-22 08:06:22,661 [pool-2-thread-95] (CheckContentDataAction.java:127) INFO  - [ VCM ]ACTUALCOST_NonConsolidation_InitialLoad true to compare!, 2014-04-22 08:13:43,114 [pool-2-thread-84] (CheckContentDataAction.java:127) INFO  - [ VCM ]SERVICE_PROVIDER_BILLING_NonConsolidation_InitialLoad true to compare!, 2014-04-22 08:18:34,944 [pool-2-thread-85] (CheckContentDataAction.java:127) INFO  - [ IC ]ActualCost_NonConsolidation_InitialLoad true to compare!, 2014-04-22 08:18:35,173 [pool-2-thread-85] (CheckContentDataAction.java:127) INFO  - [ IC ]Location_NonConsolidation_InitialLoad true to compare!, 2014-04-22 08:18:35,653 [pool-2-thread-85] (CheckContentDataAction.java:127) INFO  - [ IC ]Node_NonConsolidation_InitialLoad true to compare!, 2014-04-22 08:18:37,335 [pool-2-thread-85] (CheckContentDataAction.java:127) INFO  - [ IC ]Node_Consumption_NonConsolidation_InitialLoad true to compare!, 2014-04-22 08:18:47,417 [pool-2-thread-73] (CheckContentDataAction.java:127) INFO  - [ ALM ]PROJECT_NonConsolidation_InitialLoad true to compare!, 2014-04-22 08:18:47,628 [pool-2-thread-73] (CheckContentDataAction.java:127) INFO  - [ ALM ]CYCLE_NonConsolidation_InitialLoad true to compare!, 2014-04-22 08:18:48,036 [pool-2-thread-73] (CheckContentDataAction.java:127) INFO  - [ ALM ]DEFECT_NonConsolidation_InitialLoad true to compare!, 2014-04-22 08:18:48,810 [pool-2-thread-73] (CheckContentDataAction.java:127) INFO  - [ ALM ]DEFECT_PLHD_NonConsolidation_InitialLoad true to compare!, 2014-04-22 08:18:49,051 [pool-2-thread-73] (CheckContentDataAction.java:127) INFO  - [ ALM ]TEST_NonConsolidation_InitialLoad true to compare!, 2014-04-22 08:18:49,488 [pool-2-thread-73] (CheckContentDataAction.java:127) INFO  - [ ALM ]TEST_PLHD_NonConsolidation_InitialLoad true to compare!, 2014-04-22 08:18:50,024 [pool-2-thread-73] (CheckContentDataAction.java:127) INFO  - [ ALM ]TESTHIST_NonConsolidation_InitialLoad true to compare!, 2014-04-22 08:18:50,513 [pool-2-thread-73] (CheckContentDataAction.java:127) INFO  - [ ALM ]REQUIREMENT_NonConsolidation_InitialLoad true to compare!, 2014-04-22 08:18:51,313 [pool-2-thread-73] (CheckContentDataAction.java:127) INFO  - [ ALM ]REQUIREMENT_PLHD_NonConsolidation_InitialLoad true to compare!, 2014-04-22 08:18:51,857 [pool-2-thread-73] (CheckContentDataAction.java:127) INFO  - [ ALM ]REQUIREMENT_BRIDGE_NonConsolidation_InitialLoad true to compare!, 2014-04-22 08:18:52,211 [pool-2-thread-73] (CheckContentDataAction.java:127) INFO  - [ ALM ]TESTINSTANCE_NonConsolidation_InitialLoad true to compare!, 2014-04-22 08:18:52,868 [pool-2-thread-73] (CheckContentDataAction.java:127) INFO  - [ ALM ]DEFECTHIST_NonConsolidation_InitialLoad true to compare!, 2014-04-22 08:18:53,587 [pool-2-thread-73] (CheckContentDataAction.java:127) INFO  - [ ALM ]REQUIREMENTHIST_NonConsolidation_InitialLoad true to compare!, 2014-04-22 08:48:26,405 [pool-2-thread-89] (CheckContentDataAction.java:127) INFO  - [ VCM ]ACTUALCOST_NonConsolidation_Insert true to compare!, 2014-04-22 08:49:10,904 [pool-2-thread-48] (CheckContentDataAction.java:127) INFO  - [ IC ]ActualCost_NonConsolidation_Insert true to compare!, 2014-04-22 08:49:11,100 [pool-2-thread-48] (CheckContentDataAction.java:127) INFO  - [ IC ]Location_NonConsolidation_Insert true to compare!, 2014-04-22 08:49:11,263 [pool-2-thread-48] (CheckContentDataAction.java:127) INFO  - [ IC ]Location_NonConsolidation_Insert true to compare!, 2014-04-22 08:49:11,509 [pool-2-thread-42] (CheckContentDataAction.java:127) INFO  - [ IC ]Location_NonConsolidation_Insert true to compare!, 2014-04-22 08:49:11,686 [pool-2-thread-42] (CheckContentDataAction.java:127) INFO  - [ IC ]Location_NonConsolidation_Insert true to compare!, 2014-04-22 08:49:11,880 [pool-2-thread-42] (CheckContentDataAction.java:127) INFO  - [ IC ]Node_NonConsolidation_Insert true to compare!, 2014-04-22 08:49:12,062 [pool-2-thread-42] (CheckContentDataAction.java:127) INFO  - [ IC ]Node_NonConsolidation_Insert true to compare!, 2014-04-22 08:49:12,312 [pool-2-thread-42] (CheckContentDataAction.java:127) INFO  - [ IC ]Node_NonConsolidation_Insert true to compare!, 2014-04-22 08:49:12,662 [pool-2-thread-42] (CheckContentDataAction.java:127) INFO  - [ IC ]Node_NonConsolidation_Insert true to compare!, 2014-04-22 08:49:13,309 [pool-2-thread-97] (CheckContentDataAction.java:127) INFO  - [ IC ]Node_Consumption_NonConsolidation_Insert true to compare!, 2014-04-22 08:49:27,264 [pool-2-thread-3] (CheckContentDataAction.java:127) INFO  - [ ALM ]PROJECT_NonConsolidation_Insert true to compare!, 2014-04-22 08:49:27,534 [pool-2-thread-3] (CheckContentDataAction.java:127) INFO  - [ ALM ]PROJECT_NonConsolidation_SCD2 true to compare!, 2014-04-22 08:49:27,736 [pool-2-thread-3] (CheckContentDataAction.java:127) INFO  - [ ALM ]PROJECT_NonConsolidation_Delete true to compare!, 2014-04-22 08:49:27,908 [pool-2-thread-78] (CheckContentDataAction.java:127) INFO  - [ ALM ]CYCLE_NonConsolidation_Insert true to compare!, 2014-04-22 08:49:28,096 [pool-2-thread-78] (CheckContentDataAction.java:127) INFO  - [ ALM ]CYCLE_NonConsolidation_SCD1 true to compare!, 2014-04-22 08:49:28,254 [pool-2-thread-78] (CheckContentDataAction.java:127) INFO  - [ ALM ]CYCLE_NonConsolidation_Delete true to compare!, 2014-04-22 08:49:28,514 [pool-2-thread-78] (CheckContentDataAction.java:127) INFO  - [ ALM ]DEFECT_NonConsolidation_Insert true to compare!, 2014-04-22 08:49:28,744 [pool-2-thread-61] (CheckContentDataAction.java:127) INFO  - [ ALM ]DEFECT_NonConsolidation_SCD1 true to compare!, 2014-04-22 08:49:29,326 [pool-2-thread-61] (CheckContentDataAction.java:127) INFO  - [ ALM ]DEFECT_NonConsolidation_SCD2 true to compare!, 2014-04-22 08:49:29,493 [pool-2-thread-61] (CheckContentDataAction.java:127) INFO  - [ ALM ]DEFECT_NonConsolidation_Delete true to compare!, 2014-04-22 08:49:29,820 [pool-2-thread-12] (CheckContentDataAction.java:127) INFO  - [ ALM ]DEFECT_PLHD_NonConsolidation_Insert true to compare!, 2014-04-22 08:49:30,415 [pool-2-thread-12] (CheckContentDataAction.java:127) INFO  - [ ALM ]DEFECT_PLHD_NonConsolidation_SCD1 true to compare!, 2014-04-22 08:49:30,597 [pool-2-thread-12] (CheckContentDataAction.java:127) INFO  - [ ALM ]TEST_NonConsolidation_Insert true to compare!, 2014-04-22 08:49:30,780 [pool-2-thread-12] (CheckContentDataAction.java:127) INFO  - [ ALM ]TEST_NonConsolidation_SCD1 true to compare!, 2014-04-22 08:49:30,941 [pool-2-thread-12] (CheckContentDataAction.java:127) INFO  - [ ALM ]TEST_NonConsolidation_Delete true to compare!, 2014-04-22 08:49:31,234 [pool-2-thread-12] (CheckContentDataAction.java:127) INFO  - [ ALM ]TEST_PLHD_NonConsolidation_Insert true to compare!, 2014-04-22 08:49:31,521 [pool-2-thread-12] (CheckContentDataAction.java:127) INFO  - [ ALM ]TEST_PLHD_NonConsolidation_SCD1 true to compare!, 2014-04-22 08:49:31,839 [pool-2-thread-12] (CheckContentDataAction.java:127) INFO  - [ ALM ]REQUIREMENT_NonConsolidation_Insert true to compare!, 2014-04-22 08:49:32,233 [pool-2-thread-12] (CheckContentDataAction.java:127) INFO  - [ ALM ]REQUIREMENT_NonConsolidation_SCD1 true to compare!, 2014-04-22 08:49:32,657 [pool-2-thread-12] (CheckContentDataAction.java:127) INFO  - [ ALM ]REQUIREMENT_NonConsolidation_SCD2 true to compare!, 2014-04-22 08:49:32,943 [pool-2-thread-12] (CheckContentDataAction.java:127) INFO  - [ ALM ]REQUIREMENT_NonConsolidation_Delete true to compare!, 2014-04-22 08:49:32,969 [pool-2-thread-73] (CheckContentDataAction.java:127) INFO  - [ VCM ]SERVICE_PROVIDER_BILLING_NonConsolidation_Insert true to compare!, 2014-04-22 08:49:33,282 [pool-2-thread-12] (CheckContentDataAction.java:127) INFO  - [ ALM ]TESTHIST_NonConsolidation_Insert true to compare!, 2014-04-22 08:49:33,564 [pool-2-thread-53] (CheckContentDataAction.java:127) INFO  - [ ALM ]REQUIREMENT_BRIDGE_NonConsolidation_Insert true to compare!, 2014-04-22 08:49:33,805 [pool-2-thread-54] (CheckContentDataAction.java:127) INFO  - [ ALM ]REQUIREMENT_BRIDGE_NonConsolidation_Delete true to compare!, 2014-04-22 08:49:34,168 [pool-2-thread-75] (CheckContentDataAction.java:127) INFO  - [ ALM ]REQUIREMENT_PLHD_NonConsolidation_Insert true to compare!, 2014-04-22 08:49:34,490 [pool-2-thread-75] (CheckContentDataAction.java:127) INFO  - [ ALM ]REQUIREMENT_PLHD_NonConsolidation_SCD1 true to compare!, 2014-04-22 08:49:34,735 [pool-2-thread-74] (CheckContentDataAction.java:127) INFO  - [ ALM ]TESTINSTANCE_NonConsolidation_Insert true to compare!, 2014-04-22 08:49:34,920 [pool-2-thread-74] (CheckContentDataAction.java:127) INFO  - [ ALM ]TESTINSTANCE_NonConsolidation_Delete true to compare!, 2014-04-22 08:49:35,185 [pool-2-thread-45] (CheckContentDataAction.java:127) INFO  - [ ALM ]DEFECTHIST_NonConsolidation_Insert true to compare!, 2014-04-22 08:49:35,491 [pool-2-thread-36] (CheckContentDataAction.java:127) INFO  - [ ALM ]REQUIREMENTHIST_NonConsolidation_Insert true to compare!, 2014-04-22 09:52:21,743 [pool-2-thread-14] (CheckContentDataAction.java:127) INFO  - [ AWS ]ACTUALCOST_NonConsolidation_InitialLoad true to compare!, 2014-04-22 09:57:53,055 [pool-2-thread-60] (CheckContentDataAction.java:127) INFO  - [ NA ]Node_NonConsolidation_InitialLoad true to compare!, 2014-04-22 09:58:15,937 [pool-2-thread-26] (CheckContentDataAction.java:127) INFO  - [ NA ]Policy_Remediation_NonConsolidation_InitialLoad true to compare!, 2014-04-22 09:58:29,856 [pool-2-thread-26] (CheckContentDataAction.java:127) INFO  - [ NA ]Policy_Result_NonConsolidation_InitialLoad true to compare!, 2014-04-22 10:00:57,569 [pool-2-thread-84] (CheckContentDataAction.java:127) INFO  - [ AWS ]SERVICE_PROVIDER_BILLING_NonConsolidation_InitialLoad true to compare!, 2014-04-22 10:27:36,230 [pool-2-thread-99] (CheckContentDataAction.java:127) INFO  - [ ALT ]ActualCost_NonConsolidation_InitialLoad true to compare!, 2014-04-22 10:27:37,721 [pool-2-thread-99] (CheckContentDataAction.java:127) INFO  - [ ALT ]Application_NonConsolidation_InitialLoad true to compare!, 2014-04-22 10:27:41,851 [pool-2-thread-52] (CheckContentDataAction.java:127) INFO  - [ ALT ]ASSET_NonConsolidation_InitialLoad true to compare!, 2014-04-22 10:27:43,962 [pool-2-thread-52] (CheckContentDataAction.java:127) INFO  - [ ALT ]CHANGE_NonConsolidation_InitialLoad true to compare!, 2014-04-22 10:27:45,647 [pool-2-thread-52] (CheckContentDataAction.java:127) INFO  - [ ALT ]CONTRACT_NonConsolidation_InitialLoad true to compare!, 2014-04-22 10:27:47,624 [pool-2-thread-52] (CheckContentDataAction.java:127) INFO  - [ ALT ]COSTCENTER_NonConsolidation_InitialLoad true to compare!, 2014-04-22 10:27:48,450 [pool-2-thread-52] (CheckContentDataAction.java:127) INFO  - [ ALT ]EMPLOYMENT_NonConsolidation_InitialLoad true to compare!, 2014-04-22 10:27:49,437 [pool-2-thread-7] (CheckContentDataAction.java:127) INFO  - [ ALT ]Exchange_NonConsolidation_InitialLoad true to compare!, 2014-04-22 10:27:50,937 [pool-2-thread-7] (CheckContentDataAction.java:127) INFO  - [ ALT ]INCIDENT_NonConsolidation_InitialLoad true to compare!, 2014-04-22 10:27:53,728 [pool-2-thread-90] (CheckContentDataAction.java:127) INFO  - [ ALT ]INTERACTION_NonConsolidation_InitialLoad true to compare!, 2014-04-22 10:27:54,544 [pool-2-thread-7] (CheckContentDataAction.java:127) INFO  - [ ALT ]LOCATION_NonConsolidation_InitialLoad true to compare!, 2014-04-22 10:27:54,832 [pool-2-thread-7] (CheckContentDataAction.java:127) INFO  - [ ALT ]MODEL_NonConsolidation_InitialLoad true to compare!, 2014-04-22 10:27:55,751 [pool-2-thread-7] (CheckContentDataAction.java:127) INFO  - [ ALT ]ORG_NonConsolidation_InitialLoad true to compare!, 2014-04-22 10:27:56,339 [pool-2-thread-7] (CheckContentDataAction.java:127) INFO  - [ ALT ]Person_NonConsolidation_InitialLoad true to compare!, 2014-04-22 10:28:05,644 [pool-2-thread-7] (CheckContentDataAction.java:127) INFO  - [ ALT ]PlannedCost_NonConsolidation_InitialLoad true to compare!, 2014-04-22 10:28:06,365 [pool-2-thread-7] (CheckContentDataAction.java:127) INFO  - [ ALT ]PRJOBJECTIVE_NonConsolidation_InitialLoad true to compare!, 2014-04-22 10:28:07,618 [pool-2-thread-7] (CheckContentDataAction.java:127) INFO  - [ ALT ]PROJECT_NonConsolidation_InitialLoad true to compare!, 2014-04-22 10:28:10,019 [pool-2-thread-7] (CheckContentDataAction.java:127) INFO  - [ ALT ]PROJECTTASK_NonConsolidation_InitialLoad true to compare!, 2014-04-22 10:28:11,270 [pool-2-thread-7] (CheckContentDataAction.java:127) INFO  - [ ALT ]REVENUE_NonConsolidation_InitialLoad true to compare!, 2014-04-22 10:28:12,167 [pool-2-thread-7] (CheckContentDataAction.java:127) INFO  - [ ALT ]SERVICE_NonConsolidation_InitialLoad true to compare!, 2014-04-22 10:28:13,070 [pool-2-thread-7] (CheckContentDataAction.java:127) INFO  - [ ALT ]SERVICESTATUS_NonConsolidation_InitialLoad true to compare!, 2014-04-22 10:28:13,648 [pool-2-thread-7] (CheckContentDataAction.java:127) INFO  - [ ALT ]SLA_NonConsolidation_InitialLoad true to compare!, 2014-04-22 10:28:15,172 [pool-2-thread-7] (CheckContentDataAction.java:127) INFO  - [ ALT ]SLAOUTAGE_NonConsolidation_InitialLoad true to compare!, 2014-04-22 10:28:17,086 [pool-2-thread-7] (CheckContentDataAction.java:127) INFO  - [ ALT ]SLASTATUS_NonConsolidation_InitialLoad true to compare!, 2014-04-22 10:28:17,443 [pool-2-thread-7] (CheckContentDataAction.java:127) INFO  - [ ALT ]SURVEY_NonConsolidation_InitialLoad true to compare!, 2014-04-22 10:28:18,421 [pool-2-thread-7] (CheckContentDataAction.java:127) INFO  - [ ALT ]SURVEYSCORE_NonConsolidation_InitialLoad true to compare!, 2014-04-22 10:28:20,045 [pool-2-thread-7] (CheckContentDataAction.java:127) INFO  - [ ALT ]TIME_TO_MARKET_NonConsolidation_InitialLoad true to compare!, 2014-04-22 10:35:19,888 [pool-2-thread-45] (CheckContentDataAction.java:127) INFO  - [ NA ]Node_NonConsolidation_Insert true to compare!, 2014-04-22 10:35:20,208 [pool-2-thread-45] (CheckContentDataAction.java:127) INFO  - [ NA ]Node_NonConsolidation_SCD1 true to compare!, 2014-04-22 10:35:20,513 [pool-2-thread-45] (CheckContentDataAction.java:127) INFO  - [ NA ]Node_NonConsolidation_SCD2 true to compare!, 2014-04-22 10:35:20,916 [pool-2-thread-45] (CheckContentDataAction.java:127) INFO  - [ NA ]Policy_Remediation_NonConsolidation_Insert true to compare!, 2014-04-22 10:35:21,879 [pool-2-thread-33] (CheckContentDataAction.java:127) INFO  - [ NA ]Policy_Result_NonConsolidation_Insert true to compare!, 2014-04-22 10:38:09,878 [pool-2-thread-34] (CheckContentDataAction.java:127) INFO  - [ AWS ]ACTUALCOST_NonConsolidation_Insert true to compare!, 2014-04-22 10:38:12,077 [pool-2-thread-34] (CheckContentDataAction.java:127) INFO  - [ AWS ]ACTUALCOST_NonConsolidation_SCD1 true to compare!, 2014-04-22 10:38:29,541 [pool-2-thread-34] (CheckContentDataAction.java:127) INFO  - [ AWS ]SERVICE_PROVIDER_BILLING_NonConsolidation_Insert true to compare!, 2014-04-22 10:59:22,869 [pool-2-thread-17] (CheckContentDataAction.java:127) INFO  - [ ALT ]actualcost_NonConsolidation_Insert true to compare!, 2014-04-22 10:59:23,015 [pool-2-thread-31] (CheckContentDataAction.java:127) INFO  - [ ALT ]actualcost_NonConsolidation_SCD1 true to compare!, 2014-04-22 10:59:23,107 [pool-2-thread-77] (CheckContentDataAction.java:127) INFO  - [ ALT ]actualcost_NonConsolidation_Delete true to compare!, 2014-04-22 10:59:23,218 [pool-2-thread-17] (CheckContentDataAction.java:127) INFO  - [ ALT ]APPLICATION_NonConsolidation_Insert true to compare!, 2014-04-22 10:59:24,046 [pool-2-thread-17] (CheckContentDataAction.java:127) INFO  - [ ALT ]APPLICATION_NonConsolidation_SCD1 true to compare!, 2014-04-22 10:59:25,587 [pool-2-thread-17] (CheckContentDataAction.java:127) INFO  - [ ALT ]APPLICATION_NonConsolidation_SCD2 true to compare!, 2014-04-22 10:59:25,994 [pool-2-thread-17] (CheckContentDataAction.java:127) INFO  - [ ALT ]APPLICATION_NonConsolidation_Delete true to compare!, 2014-04-22 10:59:27,570 [pool-2-thread-17] (CheckContentDataAction.java:127) INFO  - [ ALT ]ASSET_NonConsolidation_Insert true to compare!, 2014-04-22 10:59:28,103 [pool-2-thread-17] (CheckContentDataAction.java:127) INFO  - [ ALT ]ASSET_NonConsolidation_SCD1 true to compare!, 2014-04-22 10:59:28,675 [pool-2-thread-17] (CheckContentDataAction.java:127) INFO  - [ ALT ]ASSET_NonConsolidation_SCD2 true to compare!, 2014-04-22 10:59:29,054 [pool-2-thread-17] (CheckContentDataAction.java:127) INFO  - [ ALT ]ASSET_NonConsolidation_Delete true to compare!, 2014-04-22 10:59:29,828 [pool-2-thread-17] (CheckContentDataAction.java:127) INFO  - [ ALT ]CHANGE_NonConsolidation_Insert true to compare!, 2014-04-22 10:59:30,727 [pool-2-thread-17] (CheckContentDataAction.java:127) INFO  - [ ALT ]CHANGE_NonConsolidation_SCD1 true to compare!, 2014-04-22 10:59:30,983 [pool-2-thread-17] (CheckContentDataAction.java:127) INFO  - [ ALT ]CHANGE_NonConsolidation_SCD2 true to compare!, 2014-04-22 10:59:31,789 [pool-2-thread-17] (CheckContentDataAction.java:127) INFO  - [ ALT ]CHANGE_NonConsolidation_Delete true to compare!, 2014-04-22 10:59:32,356 [pool-2-thread-17] (CheckContentDataAction.java:127) INFO  - [ ALT ]CONTRACT_NonConsolidation_Insert true to compare!, 2014-04-22 10:59:32,531 [pool-2-thread-17] (CheckContentDataAction.java:127) INFO  - [ ALT ]CONTRACT_NonConsolidation_SCD1 true to compare!, 2014-04-22 10:59:32,719 [pool-2-thread-17] (CheckContentDataAction.java:127) INFO  - [ ALT ]CONTRACT_NonConsolidation_SCD2 true to compare!, 2014-04-22 10:59:32,831 [pool-2-thread-17] (CheckContentDataAction.java:127) INFO  - [ ALT ]CONTRACT_NonConsolidation_Delete true to compare!, 2014-04-22 10:59:32,959 [pool-2-thread-17] (CheckContentDataAction.java:127) INFO  - [ ALT ]COSTCENTER_NonConsolidation_Insert true to compare!, 2014-04-22 10:59:33,107 [pool-2-thread-17] (CheckContentDataAction.java:127) INFO  - [ ALT ]COSTCENTER_NonConsolidation_SCD1 true to compare!, 2014-04-22 10:59:33,468 [pool-2-thread-17] (CheckContentDataAction.java:127) INFO  - [ ALT ]COSTCENTER_NonConsolidation_SCD2 true to compare!, 2014-04-22 10:59:33,697 [pool-2-thread-17] (CheckContentDataAction.java:127) INFO  - [ ALT ]COSTCENTER_NonConsolidation_Delete true to compare!, 2014-04-22 10:59:33,781 [pool-2-thread-17] (CheckContentDataAction.java:127) INFO  - [ ALT ]EMPLOYMENT_NonConsolidation_Insert true to compare!, 2014-04-22 10:59:33,878 [pool-2-thread-17] (CheckContentDataAction.java:127) INFO  - [ ALT ]EMPLOYMENT_NonConsolidation_SCD1 true to compare!, 2014-04-22 10:59:33,979 [pool-2-thread-17] (CheckContentDataAction.java:127) INFO  - [ ALT ]EMPLOYMENT_NonConsolidation_SCD2 true to compare!, 2014-04-22 10:59:35,150 [pool-2-thread-17] (CheckContentDataAction.java:127) INFO  - [ ALT ]EMPLOYMENT_NonConsolidation_Delete true to compare!, 2014-04-22 10:59:36,025 [pool-2-thread-17] (CheckContentDataAction.java:127) INFO  - [ ALT ]Exchange_NonConsolidation_Insert true to compare!, 2014-04-22 10:59:36,394 [pool-2-thread-17] (CheckContentDataAction.java:127) INFO  - [ ALT ]Exchange_NonConsolidation_SCD1 true to compare!, 2014-04-22 10:59:36,591 [pool-2-thread-17] (CheckContentDataAction.java:127) INFO  - [ ALT ]INCIDENT_NonConsolidation_Insert true to compare!, 2014-04-22 10:59:36,963 [pool-2-thread-17] (CheckContentDataAction.java:127) INFO  - [ ALT ]INCIDENT_NonConsolidation_SCD1 true to compare!, 2014-04-22 10:59:37,628 [pool-2-thread-17] (CheckContentDataAction.java:127) INFO  - [ ALT ]INCIDENT_NonConsolidation_SCD2 true to compare!, 2014-04-22 10:59:37,872 [pool-2-thread-17] (CheckContentDataAction.java:127) INFO  - [ ALT ]INCIDENT_NonConsolidation_Delete true to compare!, 2014-04-22 10:59:38,424 [pool-2-thread-17] (CheckContentDataAction.java:127) INFO  - [ ALT ]INTERACTION_NonConsolidation_Insert true to compare!, 2014-04-22 10:59:39,135 [pool-2-thread-17] (CheckContentDataAction.java:127) INFO  - [ ALT ]INTERACTION_NonConsolidation_SCD1 true to compare!, 2014-04-22 10:59:39,792 [pool-2-thread-17] (CheckContentDataAction.java:127) INFO  - [ ALT ]INTERACTION_NonConsolidation_SCD2 true to compare!, 2014-04-22 10:59:40,187 [pool-2-thread-52] (CheckContentDataAction.java:127) INFO  - [ ALT ]INTERACTION_NonConsolidation_Delete true to compare!, 2014-04-22 10:59:40,494 [pool-2-thread-52] (CheckContentDataAction.java:127) INFO  - [ ALT ]LOCATION_NonConsolidation_Insert true to compare!, 2014-04-22 10:59:40,680 [pool-2-thread-52] (CheckContentDataAction.java:127) INFO  - [ ALT ]LOCATION_NonConsolidation_SCD1 true to compare!, 2014-04-22 10:59:40,871 [pool-2-thread-52] (CheckContentDataAction.java:127) INFO  - [ ALT ]LOCATION_NonConsolidation_SCD2 true to compare!, 2014-04-22 10:59:40,980 [pool-2-thread-52] (CheckContentDataAction.java:127) INFO  - [ ALT ]LOCATION_NonConsolidation_Delete true to compare!, 2014-04-22 10:59:41,124 [pool-2-thread-89] (CheckContentDataAction.java:127) INFO  - [ ALT ]MODEL_NonConsolidation_Insert true to compare!, 2014-04-22 10:59:41,266 [pool-2-thread-89] (CheckContentDataAction.java:127) INFO  - [ ALT ]MODEL_NonConsolidation_SCD1 true to compare!, 2014-04-22 10:59:41,394 [pool-2-thread-89] (CheckContentDataAction.java:127) INFO  - [ ALT ]MODEL_NonConsolidation_SCD2 true to compare!, 2014-04-22 10:59:41,635 [pool-2-thread-89] (CheckContentDataAction.java:127) INFO  - [ ALT ]MODEL_NonConsolidation_Delete true to compare!, 2014-04-22 10:59:41,967 [pool-2-thread-89] (CheckContentDataAction.java:127) INFO  - [ ALT ]ORG_NonConsolidation_Insert true to compare!, 2014-04-22 10:59:43,101 [pool-2-thread-89] (CheckContentDataAction.java:127) INFO  - [ ALT ]ORG_NonConsolidation_SCD1 true to compare!, 2014-04-22 10:59:43,854 [pool-2-thread-89] (CheckContentDataAction.java:127) INFO  - [ ALT ]ORG_NonConsolidation_SCD2 true to compare!, 2014-04-22 10:59:44,046 [pool-2-thread-89] (CheckContentDataAction.java:127) INFO  - [ ALT ]ORG_NonConsolidation_Delete true to compare!, 2014-04-22 10:59:44,200 [pool-2-thread-89] (CheckContentDataAction.java:127) INFO  - [ ALT ]Person_NonConsolidation_Insert true to compare!, 2014-04-22 10:59:44,362 [pool-2-thread-89] (CheckContentDataAction.java:127) INFO  - [ ALT ]Person_NonConsolidation_SCD1 true to compare!, 2014-04-22 10:59:44,577 [pool-2-thread-89] (CheckContentDataAction.java:127) INFO  - [ ALT ]Person_NonConsolidation_SCD2 true to compare!, 2014-04-22 10:59:44,708 [pool-2-thread-89] (CheckContentDataAction.java:127) INFO  - [ ALT ]Person_NonConsolidation_Delete true to compare!, 2014-04-22 10:59:45,026 [pool-2-thread-89] (CheckContentDataAction.java:127) INFO  - [ ALT ]PlannedCost_NonConsolidation_Insert true to compare!, 2014-04-22 10:59:47,995 [pool-2-thread-68] (CheckContentDataAction.java:127) INFO  - [ ALT ]PlannedCost_NonConsolidation_SCD1 true to compare!, 2014-04-22 10:59:50,718 [pool-2-thread-68] (CheckContentDataAction.java:127) INFO  - [ ALT ]PlannedCost_NonConsolidation_Delete true to compare!, 2014-04-22 10:59:53,962 [pool-2-thread-68] (CheckContentDataAction.java:127) INFO  - [ ALT ]PRJOBJECTIVE_NonConsolidation_Insert true to compare!, 2014-04-22 10:59:58,008 [pool-2-thread-68] (CheckContentDataAction.java:127) INFO  - [ ALT ]PRJOBJECTIVE_NonConsolidation_SCD1 true to compare!, 2014-04-22 11:00:03,922 [pool-2-thread-68] (CheckContentDataAction.java:127) INFO  - [ ALT ]PRJOBJECTIVE_NonConsolidation_SCD2 true to compare!, 2014-04-22 11:00:05,003 [pool-2-thread-68] (CheckContentDataAction.java:127) INFO  - [ ALT ]PRJOBJECTIVE_NonConsolidation_Delete true to compare!, 2014-04-22 11:00:05,722 [pool-2-thread-68] (CheckContentDataAction.java:127) INFO  - [ ALT ]PROJECT_NonConsolidation_Insert true to compare!, 2014-04-22 11:00:05,939 [pool-2-thread-68] (CheckContentDataAction.java:127) INFO  - [ ALT ]PROJECT_NonConsolidation_SCD1 true to compare!, 2014-04-22 11:00:06,206 [pool-2-thread-68] (CheckContentDataAction.java:127) INFO  - [ ALT ]PROJECT_NonConsolidation_SCD2 true to compare!, 2014-04-22 11:00:06,472 [pool-2-thread-68] (CheckContentDataAction.java:127) INFO  - [ ALT ]PROJECT_NonConsolidation_Delete true to compare!, 2014-04-22 11:00:07,268 [pool-2-thread-68] (CheckContentDataAction.java:127) INFO  - [ ALT ]PROJECTTASK_NonConsolidation_Insert true to compare!, 2014-04-22 11:00:07,430 [pool-2-thread-68] (CheckContentDataAction.java:127) INFO  - [ ALT ]PROJECTTASK_NonConsolidation_SCD1 true to compare!, 2014-04-22 11:00:07,710 [pool-2-thread-68] (CheckContentDataAction.java:127) INFO  - [ ALT ]PROJECTTASK_NonConsolidation_Delete true to compare!, 2014-04-22 11:00:08,133 [pool-2-thread-68] (CheckContentDataAction.java:127) INFO  - [ ALT ]REVENUE_NonConsolidation_Insert true to compare!, 2014-04-22 11:00:08,470 [pool-2-thread-68] (CheckContentDataAction.java:127) INFO  - [ ALT ]REVENUE_NonConsolidation_SCD1 true to compare!, 2014-04-22 11:00:08,902 [pool-2-thread-68] (CheckContentDataAction.java:127) INFO  - [ ALT ]REVENUE_NonConsolidation_Delete true to compare!, 2014-04-22 11:00:09,314 [pool-2-thread-68] (CheckContentDataAction.java:127) INFO  - [ ALT ]SERVICE_NonConsolidation_Insert true to compare!, 2014-04-22 11:00:09,852 [pool-2-thread-68] (CheckContentDataAction.java:127) INFO  - [ ALT ]SERVICE_NonConsolidation_SCD1 true to compare!, 2014-04-22 11:00:10,441 [pool-2-thread-68] (CheckContentDataAction.java:127) INFO  - [ ALT ]SERVICE_NonConsolidation_SCD2 true to compare!, 2014-04-22 11:00:10,842 [pool-2-thread-68] (CheckContentDataAction.java:127) INFO  - [ ALT ]SERVICE_NonConsolidation_Delete true to compare!, 2014-04-22 11:00:11,003 [pool-2-thread-68] (CheckContentDataAction.java:127) INFO  - [ ALT ]SERVICESTATUS_NonConsolidation_Insert true to compare!, 2014-04-22 11:00:11,170 [pool-2-thread-68] (CheckContentDataAction.java:127) INFO  - [ ALT ]SERVICESTATUS_NonConsolidation_SCD1 true to compare!, 2014-04-22 11:00:11,298 [pool-2-thread-68] (CheckContentDataAction.java:127) INFO  - [ ALT ]SERVICESTATUS_NonConsolidation_Delete true to compare!, 2014-04-22 11:00:11,467 [pool-2-thread-68] (CheckContentDataAction.java:127) INFO  - [ ALT ]SLA_NonConsolidation_Insert true to compare!, 2014-04-22 11:00:11,748 [pool-2-thread-68] (CheckContentDataAction.java:127) INFO  - [ ALT ]SLA_NonConsolidation_SCD1 true to compare!, 2014-04-22 11:00:11,896 [pool-2-thread-68] (CheckContentDataAction.java:127) INFO  - [ ALT ]SLA_NonConsolidation_SCD2 true to compare!, 2014-04-22 11:00:11,973 [pool-2-thread-68] (CheckContentDataAction.java:127) INFO  - [ ALT ]SLA_NonConsolidation_Delete true to compare!, 2014-04-22 11:00:12,454 [pool-2-thread-68] (CheckContentDataAction.java:127) INFO  - [ ALT ]SLAOUTAGE_NonConsolidation_Insert true to compare!, 2014-04-22 11:00:12,573 [pool-2-thread-68] (CheckContentDataAction.java:127) INFO  - [ ALT ]SLAOUTAGE_NonConsolidation_SCD1 true to compare!, 2014-04-22 11:00:12,908 [pool-2-thread-68] (CheckContentDataAction.java:127) INFO  - [ ALT ]SLAOUTAGE_NonConsolidation_Delete true to compare!, 2014-04-22 11:00:13,943 [pool-2-thread-68] (CheckContentDataAction.java:127) INFO  - [ ALT ]SLASTATUS_NonConsolidation_Insert true to compare!, 2014-04-22 11:00:14,768 [pool-2-thread-68] (CheckContentDataAction.java:127) INFO  - [ ALT ]SLASTATUS_NonConsolidation_SCD1 true to compare!, 2014-04-22 11:00:15,317 [pool-2-thread-68] (CheckContentDataAction.java:127) INFO  - [ ALT ]SLASTATUS_NonConsolidation_Delete true to compare!, 2014-04-22 11:00:15,462 [pool-2-thread-68] (CheckContentDataAction.java:127) INFO  - [ ALT ]SURVEY_NonConsolidation_Insert true to compare!, 2014-04-22 11:00:15,579 [pool-2-thread-68] (CheckContentDataAction.java:127) INFO  - [ ALT ]SURVEY_NonConsolidation_SCD1 true to compare!, 2014-04-22 11:00:15,744 [pool-2-thread-68] (CheckContentDataAction.java:127) INFO  - [ ALT ]SURVEY_NonConsolidation_SCD2 true to compare!, 2014-04-22 11:00:15,838 [pool-2-thread-68] (CheckContentDataAction.java:127) INFO  - [ ALT ]SURVEY_NonConsolidation_Delete true to compare!, 2014-04-22 11:00:16,213 [pool-2-thread-10] (CheckContentDataAction.java:127) INFO  - [ ALT ]SURVEYSCORE_NonConsolidation_Insert true to compare!, 2014-04-22 11:00:16,583 [pool-2-thread-10] (CheckContentDataAction.java:127) INFO  - [ ALT ]SURVEYSCORE_NonConsolidation_SCD1 true to compare!, 2014-04-22 11:00:17,124 [pool-2-thread-10] (CheckContentDataAction.java:127) INFO  - [ ALT ]SURVEYSCORE_NonConsolidation_Delete true to compare!, 2014-04-22 11:00:17,321 [pool-2-thread-10] (CheckContentDataAction.java:127) INFO  - [ ALT ]TIME_TO_MARKET_NonConsolidation_Insert true to compare!, 2014-04-22 11:00:17,449 [pool-2-thread-10] (CheckContentDataAction.java:127) INFO  - [ ALT ]TIME_TO_MARKET_NonConsolidation_SCD1 true to compare!, 2014-04-22 11:00:17,531 [pool-2-thread-10] (CheckContentDataAction.java:127) INFO  - [ ALT ]TIME_TO_MARKET_NonConsolidation_Delete true to compare!, 2014-04-22 11:50:14,545 [pool-2-thread-21] (CheckContentDataAction.java:127) INFO  - [ BSM ]BUSPROCSERVICE_NonConsolidation_InitialLoad true to compare!, 2014-04-22 11:50:15,395 [pool-2-thread-21] (CheckContentDataAction.java:127) INFO  - [ BSM ]BUSTRANSSERVICE_NonConsolidation_InitialLoad true to compare!, 2014-04-22 11:50:15,702 [pool-2-thread-21] (CheckContentDataAction.java:127) INFO  - [ BSM ]ORG_NonConsolidation_InitialLoad true to compare!, 2014-04-22 11:50:16,110 [pool-2-thread-21] (CheckContentDataAction.java:127) INFO  - [ BSM ]LOCATION_NonConsolidation_InitialLoad true to compare!, 2014-04-22 11:50:16,360 [pool-2-thread-21] (CheckContentDataAction.java:127) INFO  - [ BSM ]SLA_NonConsolidation_InitialLoad true to compare!, 2014-04-22 11:50:16,842 [pool-2-thread-21] (CheckContentDataAction.java:127) INFO  - [ BSM ]SERVICE_NonConsolidation_InitialLoad true to compare!, 2014-04-22 11:50:17,142 [pool-2-thread-21] (CheckContentDataAction.java:127) INFO  - [ BSM ]BUSPROCESS_NonConsolidation_InitialLoad true to compare!, 2014-04-22 11:50:17,928 [pool-2-thread-21] (CheckContentDataAction.java:127) INFO  - [ BSM ]BUSTRANSACTION_NonConsolidation_InitialLoad true to compare!, 2014-04-22 11:50:18,651 [pool-2-thread-21] (CheckContentDataAction.java:127) INFO  - [ BSM ]BUSINESS_APP_PERF_NonConsolidation_InitialLoad true to compare!, 2014-04-22 11:50:20,895 [pool-2-thread-61] (CheckContentDataAction.java:127) INFO  - [ BSM ]SLASTATUS_NonConsolidation_InitialLoad true to compare!, 2014-04-22 11:51:19,092 [pool-2-thread-65] (CheckContentDataAction.java:127) INFO  - [ BSM ]BUSINESS_APP_STATUS_NonConsolidation_InitialLoad true to compare!, 2014-04-22 11:51:47,566 [pool-2-thread-65] (CheckContentDataAction.java:127) INFO  - [ BSM ]SERVICESTATUS_NonConsolidation_InitialLoad true to compare!, 2014-04-22 12:22:24,214 [pool-2-thread-63] (CheckContentDataAction.java:127) INFO  - [ BSM ]BUSPROCSERVICE_NonConsolidation_Insert true to compare!, 2014-04-22 12:22:24,361 [pool-2-thread-63] (CheckContentDataAction.java:127) INFO  - [ BSM ]BUSPROCSERVICE_NonConsolidation_Delete true to compare!, 2014-04-22 12:22:24,574 [pool-2-thread-63] (CheckContentDataAction.java:127) INFO  - [ BSM ]BUSTRANSSERVICE_NonConsolidation_Insert true to compare!, 2014-04-22 12:22:24,802 [pool-2-thread-63] (CheckContentDataAction.java:127) INFO  - [ BSM ]BUSTRANSSERVICE_NonConsolidation_Delete true to compare!, 2014-04-22 12:22:25,009 [pool-2-thread-63] (CheckContentDataAction.java:127) INFO  - [ BSM ]ORG_NonConsolidation_Insert true to compare!, 2014-04-22 12:22:25,153 [pool-2-thread-63] (CheckContentDataAction.java:127) INFO  - [ BSM ]ORG_NonConsolidation_Delete true to compare!, 2014-04-22 12:22:25,333 [pool-2-thread-63] (CheckContentDataAction.java:127) INFO  - [ BSM ]ORG_NonConsolidation_SCD1 true to compare!, 2014-04-22 12:22:25,521 [pool-2-thread-63] (CheckContentDataAction.java:127) INFO  - [ BSM ]LOCATION_NonConsolidation_Insert true to compare!, 2014-04-22 12:22:25,664 [pool-2-thread-63] (CheckContentDataAction.java:127) INFO  - [ BSM ]LOCATION_NonConsolidation_Delete true to compare!, 2014-04-22 12:22:25,878 [pool-2-thread-63] (CheckContentDataAction.java:127) INFO  - [ BSM ]LOCATION_NonConsolidation_SCD1 true to compare!
[...]
107 [pool-2-thread-17] (CheckContentDataAction.java:127) INFO  - [ ALT ]COSTCENTER_NonConsolidation_SCD1 true to compare!, 2014-04-22 10:59:33,468 [pool-2-thread-17] (CheckContentDataAction.java:127) INFO  - [ ALT ]COSTCENTER_NonConsolidation_SCD2 true to compare!, 2014-04-22 10:59:33,697 [pool-2-thread-17] (CheckContentDataAction.java:127) INFO  - [ ALT ]COSTCENTER_NonConsolidation_Delete true to compare!, 2014-04-22 10:59:33,781 [pool-2-thread-17] (CheckContentDataAction.java:127) INFO  - [ ALT ]EMPLOYMENT_NonConsolidation_Insert true to compare!, 2014-04-22 10:59:33,878 [pool-2-thread-17] (CheckContentDataAction.java:127) INFO  - [ ALT ]EMPLOYMENT_NonConsolidation_SCD1 true to compare!, 2014-04-22 10:59:33,979 [pool-2-thread-17] (CheckContentDataAction.java:127) INFO  - [ ALT ]EMPLOYMENT_NonConsolidation_SCD2 true to compare!, 2014-04-22 10:59:35,150 [pool-2-thread-17] (CheckContentDataAction.java:127) INFO  - [ ALT ]EMPLOYMENT_NonConsolidation_Delete true to compare!, 2014-04-22 10:59:36,025 [pool-2-thread-17] (CheckContentDataAction.java:127) INFO  - [ ALT ]Exchange_NonConsolidation_Insert true to compare!, 2014-04-22 10:59:36,394 [pool-2-thread-17] (CheckContentDataAction.java:127) INFO  - [ ALT ]Exchange_NonConsolidation_SCD1 true to compare!, 2014-04-22 10:59:36,591 [pool-2-thread-17] (CheckContentDataAction.java:127) INFO  - [ ALT ]INCIDENT_NonConsolidation_Insert true to compare!, 2014-04-22 10:59:36,963 [pool-2-thread-17] (CheckContentDataAction.java:127) INFO  - [ ALT ]INCIDENT_NonConsolidation_SCD1 true to compare!, 2014-04-22 10:59:37,628 [pool-2-thread-17] (CheckContentDataAction.java:127) INFO  - [ ALT ]INCIDENT_NonConsolidation_SCD2 true to compare!, 2014-04-22 10:59:37,872 [pool-2-thread-17] (CheckContentDataAction.java:127) INFO  - [ ALT ]INCIDENT_NonConsolidation_Delete true to compare!, 2014-04-22 10:59:38,424 [pool-2-thread-17] (CheckContentDataAction.java:127) INFO  - [ ALT ]INTERACTION_NonConsolidation_Insert true to compare!, 2014-04-22 10:59:39,135 [pool-2-thread-17] (CheckContentDataAction.java:127) INFO  - [ ALT ]INTERACTION_NonConsolidation_SCD1 true to compare!, 2014-04-22 10:59:39,792 [pool-2-thread-17] (CheckContentDataAction.java:127) INFO  - [ ALT ]INTERACTION_NonConsolidation_SCD2 true to compare!, 2014-04-22 10:59:40,187 [pool-2-thread-52] (CheckContentDataAction.java:127) INFO  - [ ALT ]INTERACTION_NonConsolidation_Delete true to compare!, 2014-04-22 10:59:40,494 [pool-2-thread-52] (CheckContentDataAction.java:127) INFO  - [ ALT ]LOCATION_NonConsolidation_Insert true to compare!, 2014-04-22 10:59:40,680 [pool-2-thread-52] (CheckContentDataAction.java:127) INFO  - [ ALT ]LOCATION_NonConsolidation_SCD1 true to compare!, 2014-04-22 10:59:40,871 [pool-2-thread-52] (CheckContentDataAction.java:127) INFO  - [ ALT ]LOCATION_NonConsolidation_SCD2 true to compare!, 2014-04-22 10:59:40,980 [pool-2-thread-52] (CheckContentDataAction.java:127) INFO  - [ ALT ]LOCATION_NonConsolidation_Delete true to compare!, 2014-04-22 10:59:41,124 [pool-2-thread-89] (CheckContentDataAction.java:127) INFO  - [ ALT ]MODEL_NonConsolidation_Insert true to compare!, 2014-04-22 10:59:41,266 [pool-2-thread-89] (CheckContentDataAction.java:127) INFO  - [ ALT ]MODEL_NonConsolidation_SCD1 true to compare!, 2014-04-22 10:59:41,394 [pool-2-thread-89] (CheckContentDataAction.java:127) INFO  - [ ALT ]MODEL_NonConsolidation_SCD2 true to compare!, 2014-04-22 10:59:41,635 [pool-2-thread-89] (CheckContentDataAction.java:127) INFO  - [ ALT ]MODEL_NonConsolidation_Delete true to compare!, 2014-04-22 10:59:41,967 [pool-2-thread-89] (CheckContentDataAction.java:127) INFO  - [ ALT ]ORG_NonConsolidation_Insert true to compare!, 2014-04-22 10:59:43,101 [pool-2-thread-89] (CheckContentDataAction.java:127) INFO  - [ ALT ]ORG_NonConsolidation_SCD1 true to compare!, 2014-04-22 10:59:43,854 [pool-2-thread-89] (CheckContentDataAction.java:127) INFO  - [ ALT ]ORG_NonConsolidation_SCD2 true to compare!, 2014-04-22 10:59:44,046 [pool-2-thread-89] (CheckContentDataAction.java:127) INFO  - [ ALT ]ORG_NonConsolidation_Delete true to compare!, 2014-04-22 10:59:44,200 [pool-2-thread-89] (CheckContentDataAction.java:127) INFO  - [ ALT ]Person_NonConsolidation_Insert true to compare!, 2014-04-22 10:59:44,362 [pool-2-thread-89] (CheckContentDataAction.java:127) INFO  - [ ALT ]Person_NonConsolidation_SCD1 true to compare!, 2014-04-22 10:59:44,577 [pool-2-thread-89] (CheckContentDataAction.java:127) INFO  - [ ALT ]Person_NonConsolidation_SCD2 true to compare!, 2014-04-22 10:59:44,708 [pool-2-thread-89] (CheckContentDataAction.java:127) INFO  - [ ALT ]Person_NonConsolidation_Delete true to compare!, 2014-04-22 10:59:45,026 [pool-2-thread-89] (CheckContentDataAction.java:127) INFO  - [ ALT ]PlannedCost_NonConsolidation_Insert true to compare!, 2014-04-22 10:59:47,995 [pool-2-thread-68] (CheckContentDataAction.java:127) INFO  - [ ALT ]PlannedCost_NonConsolidation_SCD1 true to compare!, 2014-04-22 10:59:50,718 [pool-2-thread-68] (CheckContentDataAction.java:127) INFO  - [ ALT ]PlannedCost_NonConsolidation_Delete true to compare!, 2014-04-22 10:59:53,962 [pool-2-thread-68] (CheckContentDataAction.java:127) INFO  - [ ALT ]PRJOBJECTIVE_NonConsolidation_Insert true to compare!, 2014-04-22 10:59:58,008 [pool-2-thread-68] (CheckContentDataAction.java:127) INFO  - [ ALT ]PRJOBJECTIVE_NonConsolidation_SCD1 true to compare!, 2014-04-22 11:00:03,922 [pool-2-thread-68] (CheckContentDataAction.java:127) INFO  - [ ALT ]PRJOBJECTIVE_NonConsolidation_SCD2 true to compare!, 2014-04-22 11:00:05,003 [pool-2-thread-68] (CheckContentDataAction.java:127) INFO  - [ ALT ]PRJOBJECTIVE_NonConsolidation_Delete true to compare!, 2014-04-22 11:00:05,722 [pool-2-thread-68] (CheckContentDataAction.java:127) INFO  - [ ALT ]PROJECT_NonConsolidation_Insert true to compare!, 2014-04-22 11:00:05,939 [pool-2-thread-68] (CheckContentDataAction.java:127) INFO  - [ ALT ]PROJECT_NonConsolidation_SCD1 true to compare!, 2014-04-22 11:00:06,206 [pool-2-thread-68] (CheckContentDataAction.java:127) INFO  - [ ALT ]PROJECT_NonConsolidation_SCD2 true to compare!, 2014-04-22 11:00:06,472 [pool-2-thread-68] (CheckContentDataAction.java:127) INFO  - [ ALT ]PROJECT_NonConsolidation_Delete true to compare!, 2014-04-22 11:00:07,268 [pool-2-thread-68] (CheckContentDataAction.java:127) INFO  - [ ALT ]PROJECTTASK_NonConsolidation_Insert true to compare!, 2014-04-22 11:00:07,430 [pool-2-thread-68] (CheckContentDataAction.java:127) INFO  - [ ALT ]PROJECTTASK_NonConsolidation_SCD1 true to compare!, 2014-04-22 11:00:07,710 [pool-2-thread-68] (CheckContentDataAction.java:127) INFO  - [ ALT ]PROJECTTASK_NonConsolidation_Delete true to compare!, 2014-04-22 11:00:08,133 [pool-2-thread-68] (CheckContentDataAction.java:127) INFO  - [ ALT ]REVENUE_NonConsolidation_Insert true to compare!, 2014-04-22 11:00:08,470 [pool-2-thread-68] (CheckContentDataAction.java:127) INFO  - [ ALT ]REVENUE_NonConsolidation_SCD1 true to compare!, 2014-04-22 11:00:08,902 [pool-2-thread-68] (CheckContentDataAction.java:127) INFO  - [ ALT ]REVENUE_NonConsolidation_Delete true to compare!, 2014-04-22 11:00:09,314 [pool-2-thread-68] (CheckContentDataAction.java:127) INFO  - [ ALT ]SERVICE_NonConsolidation_Insert true to compare!, 2014-04-22 11:00:09,852 [pool-2-thread-68] (CheckContentDataAction.java:127) INFO  - [ ALT ]SERVICE_NonConsolidation_SCD1 true to compare!, 2014-04-22 11:00:10,441 [pool-2-thread-68] (CheckContentDataAction.java:127) INFO  - [ ALT ]SERVICE_NonConsolidation_SCD2 true to compare!, 2014-04-22 11:00:10,842 [pool-2-thread-68] (CheckContentDataAction.java:127) INFO  - [ ALT ]SERVICE_NonConsolidation_Delete true to compare!, 2014-04-22 11:00:11,003 [pool-2-thread-68] (CheckContentDataAction.java:127) INFO  - [ ALT ]SERVICESTATUS_NonConsolidation_Insert true to compare!, 2014-04-22 11:00:11,170 [pool-2-thread-68] (CheckContentDataAction.java:127) INFO  - [ ALT ]SERVICESTATUS_NonConsolidation_SCD1 true to compare!, 2014-04-22 11:00:11,298 [pool-2-thread-68] (CheckContentDataAction.java:127) INFO  - [ ALT ]SERVICESTATUS_NonConsolidation_Delete true to compare!, 2014-04-22 11:00:11,467 [pool-2-thread-68] (CheckContentDataAction.java:127) INFO  - [ ALT ]SLA_NonConsolidation_Insert true to compare!, 2014-04-22 11:00:11,748 [pool-2-thread-68] (CheckContentDataAction.java:127) INFO  - [ ALT ]SLA_NonConsolidation_SCD1 true to compare!, 2014-04-22 11:00:11,896 [pool-2-thread-68] (CheckContentDataAction.java:127) INFO  - [ ALT ]SLA_NonConsolidation_SCD2 true to compare!, 2014-04-22 11:00:11,973 [pool-2-thread-68] (CheckContentDataAction.java:127) INFO  - [ ALT ]SLA_NonConsolidation_Delete true to compare!, 2014-04-22 11:00:12,454 [pool-2-thread-68] (CheckContentDataAction.java:127) INFO  - [ ALT ]SLAOUTAGE_NonConsolidation_Insert true to compare!, 2014-04-22 11:00:12,573 [pool-2-thread-68] (CheckContentDataAction.java:127) INFO  - [ ALT ]SLAOUTAGE_NonConsolidation_SCD1 true to compare!, 2014-04-22 11:00:12,908 [pool-2-thread-68] (CheckContentDataAction.java:127) INFO  - [ ALT ]SLAOUTAGE_NonConsolidation_Delete true to compare!, 2014-04-22 11:00:13,943 [pool-2-thread-68] (CheckContentDataAction.java:127) INFO  - [ ALT ]SLASTATUS_NonConsolidation_Insert true to compare!, 2014-04-22 11:00:14,768 [pool-2-thread-68] (CheckContentDataAction.java:127) INFO  - [ ALT ]SLASTATUS_NonConsolidation_SCD1 true to compare!, 2014-04-22 11:00:15,317 [pool-2-thread-68] (CheckContentDataAction.java:127) INFO  - [ ALT ]SLASTATUS_NonConsolidation_Delete true to compare!, 2014-04-22 11:00:15,462 [pool-2-thread-68] (CheckContentDataAction.java:127) INFO  - [ ALT ]SURVEY_NonConsolidation_Insert true to compare!, 2014-04-22 11:00:15,579 [pool-2-thread-68] (CheckContentDataAction.java:127) INFO  - [ ALT ]SURVEY_NonConsolidation_SCD1 true to compare!, 2014-04-22 11:00:15,744 [pool-2-thread-68] (CheckContentDataAction.java:127) INFO  - [ ALT ]SURVEY_NonConsolidation_SCD2 true to compare!, 2014-04-22 11:00:15,838 [pool-2-thread-68] (CheckContentDataAction.java:127) INFO  - [ ALT ]SURVEY_NonConsolidation_Delete true to compare!, 2014-04-22 11:00:16,213 [pool-2-thread-10] (CheckContentDataAction.java:127) INFO  - [ ALT ]SURVEYSCORE_NonConsolidation_Insert true to compare!, 2014-04-22 11:00:16,583 [pool-2-thread-10] (CheckContentDataAction.java:127) INFO  - [ ALT ]SURVEYSCORE_NonConsolidation_SCD1 true to compare!, 2014-04-22 11:00:17,124 [pool-2-thread-10] (CheckContentDataAction.java:127) INFO  - [ ALT ]SURVEYSCORE_NonConsolidation_Delete true to compare!, 2014-04-22 11:00:17,321 [pool-2-thread-10] (CheckContentDataAction.java:127) INFO  - [ ALT ]TIME_TO_MARKET_NonConsolidation_Insert true to compare!, 2014-04-22 11:00:17,449 [pool-2-thread-10] (CheckContentDataAction.java:127) INFO  - [ ALT ]TIME_TO_MARKET_NonConsolidation_SCD1 true to compare!, 2014-04-22 11:00:17,531 [pool-2-thread-10] (CheckContentDataAction.java:127) INFO  - [ ALT ]TIME_TO_MARKET_NonConsolidation_Delete true to compare!, 2014-04-22 11:50:14,545 [pool-2-thread-21] (CheckContentDataAction.java:127) INFO  - [ BSM ]BUSPROCSERVICE_NonConsolidation_InitialLoad true to compare!, 2014-04-22 11:50:15,395 [pool-2-thread-21] (CheckContentDataAction.java:127) INFO  - [ BSM ]BUSTRANSSERVICE_NonConsolidation_InitialLoad true to compare!, 2014-04-22 11:50:15,702 [pool-2-thread-21] (CheckContentDataAction.java:127) INFO  - [ BSM ]ORG_NonConsolidation_InitialLoad true to compare!, 2014-04-22 11:50:16,110 [pool-2-thread-21] (CheckContentDataAction.java:127) INFO  - [ BSM ]LOCATION_NonConsolidation_InitialLoad true to compare!, 2014-04-22 11:50:16,360 [pool-2-thread-21] (CheckContentDataAction.java:127) INFO  - [ BSM ]SLA_NonConsolidation_InitialLoad true to compare!, 2014-04-22 11:50:16,842 [pool-2-thread-21] (CheckContentDataAction.java:127) INFO  - [ BSM ]SERVICE_NonConsolidation_InitialLoad true to compare!, 2014-04-22 11:50:17,142 [pool-2-thread-21] (CheckContentDataAction.java:127) INFO  - [ BSM ]BUSPROCESS_NonConsolidation_InitialLoad true to compare!, 2014-04-22 11:50:17,928 [pool-2-thread-21] (CheckContentDataAction.java:127) INFO  - [ BSM ]BUSTRANSACTION_NonConsolidation_InitialLoad true to compare!, 2014-04-22 11:50:18,651 [pool-2-thread-21] (CheckContentDataAction.java:127) INFO  - [ BSM ]BUSINESS_APP_PERF_NonConsolidation_InitialLoad true to compare!, 2014-04-22 11:50:20,895 [pool-2-thread-61] (CheckContentDataAction.java:127) INFO  - [ BSM ]SLASTATUS_NonConsolidation_InitialLoad true to compare!, 2014-04-22 11:51:19,092 [pool-2-thread-65] (CheckContentDataAction.java:127) INFO  - [ BSM ]BUSINESS_APP_STATUS_NonConsolidation_InitialLoad true to compare!, 2014-04-22 11:51:47,566 [pool-2-thread-65] (CheckContentDataAction.java:127) INFO  - [ BSM ]SERVICESTATUS_NonConsolidation_InitialLoad true to compare!, 2014-04-22 12:22:24,214 [pool-2-thread-63] (CheckContentDataAction.java:127) INFO  - [ BSM ]BUSPROCSERVICE_NonConsolidation_Insert true to compare!, 2014-04-22 12:22:24,361 [pool-2-thread-63] (CheckContentDataAction.java:127) INFO  - [ BSM ]BUSPROCSERVICE_NonConsolidation_Delete true to compare!, 2014-04-22 12:22:24,574 [pool-2-thread-63] (CheckContentDataAction.java:127) INFO  - [ BSM ]BUSTRANSSERVICE_NonConsolidation_Insert true to compare!, 2014-04-22 12:22:24,802 [pool-2-thread-63] (CheckContentDataAction.java:127) INFO  - [ BSM ]BUSTRANSSERVICE_NonConsolidation_Delete true to compare!, 2014-04-22 12:22:25,009 [pool-2-thread-63] (CheckContentDataAction.java:127) INFO  - [ BSM ]ORG_NonConsolidation_Insert true to compare!, 2014-04-22 12:22:25,153 [pool-2-thread-63] (CheckContentDataAction.java:127) INFO  - [ BSM ]ORG_NonConsolidation_Delete true to compare!, 2014-04-22 12:22:25,333 [pool-2-thread-63] (CheckContentDataAction.java:127) INFO  - [ BSM ]ORG_NonConsolidation_SCD1 true to compare!, 2014-04-22 12:22:25,521 [pool-2-thread-63] (CheckContentDataAction.java:127) INFO  - [ BSM ]LOCATION_NonConsolidation_Insert true to compare!, 2014-04-22 12:22:25,664 [pool-2-thread-63] (CheckContentDataAction.java:127) INFO  - [ BSM ]LOCATION_NonConsolidation_Delete true to compare!, 2014-04-22 12:22:25,878 [pool-2-thread-63] (CheckContentDataAction.java:127) INFO  - [ BSM ]LOCATION_NonConsolidation_SCD1 true to compare!, 2014-04-22 12:22:26,056 [pool-2-thread-63] (CheckContentDataAction.java:127) INFO  - [ BSM ]SLA_NonConsolidation_Insert true to compare!, 2014-04-22 12:22:26,211 [pool-2-thread-63] (CheckContentDataAction.java:127) INFO  - [ BSM ]SLA_NonConsolidation_Delete true to compare!, 2014-04-22 12:22:26,434 [pool-2-thread-46] (CheckContentDataAction.java:127) INFO  - [ BSM ]SLA_NonConsolidation_SCD1 true to compare!, 2014-04-22 12:22:26,749 [pool-2-thread-46] (CheckContentDataAction.java:127) INFO  - [ BSM ]SLA_NonConsolidation_SCD2 true to compare!, 2014-04-22 12:22:27,041 [pool-2-thread-46] (CheckContentDataAction.java:127) INFO  - [ BSM ]SERVICE_NonConsolidation_Insert true to compare!, 2014-04-22 12:22:27,319 [pool-2-thread-46] (CheckContentDataAction.java:127) INFO  - [ BSM ]SERVICE_NonConsolidation_Delete true to compare!, 2014-04-22 12:22:27,588 [pool-2-thread-46] (CheckContentDataAction.java:127) INFO  - [ BSM ]SERVICE_NonConsolidation_SCD1 true to compare!, 2014-04-22 12:22:27,970 [pool-2-thread-46] (CheckContentDataAction.java:127) INFO  - [ BSM ]SERVICE_NonConsolidation_SCD2 true to compare!, 2014-04-22 12:22:28,303 [pool-2-thread-46] (CheckContentDataAction.java:127) INFO  - [ BSM ]BUSPROCESS_NonConsolidation_Insert true to compare!, 2014-04-22 12:22:28,519 [pool-2-thread-46] (CheckContentDataAction.java:127) INFO  - [ BSM ]BUSPROCESS_NonConsolidation_Delete true to compare!, 2014-04-22 12:22:28,800 [pool-2-thread-46] (CheckContentDataAction.java:127) INFO  - [ BSM ]BUSPROCESS_NonConsolidation_SCD1 true to compare!, 2014-04-22 12:22:29,108 [pool-2-thread-46] (CheckContentDataAction.java:127) INFO  - [ BSM ]BUSTRANSACTION_NonConsolidation_Insert true to compare!, 2014-04-22 12:22:29,358 [pool-2-thread-46] (CheckContentDataAction.java:127) INFO  - [ BSM ]BUSTRANSACTION_NonConsolidation_Delete true to compare!, 2014-04-22 12:22:29,677 [pool-2-thread-46] (CheckContentDataAction.java:127) INFO  - [ BSM ]BUSTRANSACTION_NonConsolidation_SCD1 true to compare!, 2014-04-22 12:22:30,708 [pool-2-thread-46] (CheckContentDataAction.java:127) INFO  - [ BSM ]BUSINESS_APP_PERF_NonConsolidation_Insert true to compare!, 2014-04-22 12:22:33,834 [pool-2-thread-77] (CheckContentDataAction.java:127) INFO  - [ BSM ]SLASTATUS_NonConsolidation_Insert true to compare!, 2014-04-22 12:22:34,435 [pool-2-thread-77] (CheckContentDataAction.java:127) INFO  - [ BSM ]SLASTATUS_NonConsolidation_SCD1 true to compare!, 2014-04-22 12:22:37,852 [pool-2-thread-53] (CheckContentDataAction.java:127) INFO  - [ BSM ]BUSINESS_APP_STATUS_NonConsolidation_Insert true to compare!, 2014-04-22 12:22:40,187 [pool-2-thread-53] (CheckContentDataAction.java:127) INFO  - [ BSM ]SERVICESTATUS_NonConsolidation_Insert true to compare!]&gt;
	at org.junit.Assert.fail(Assert.java:88)
	at org.junit.Assert.failNotNull(Assert.java:664)
	at org.junit.Assert.assertNull(Assert.java:646)
	at com.hp.xs.devops.core.source.FistLogFileReaderTest.testCreateReader(FistLogFileReaderTest.java:51)
	at sun.reflect.NativeMethodAccessorImpl.invoke0(Native Method)
	at sun.reflect.NativeMethodAccessorImpl.invoke(NativeMethodAccessorImpl.java:57)
	at sun.reflect.DelegatingMethodAccessorImpl.invoke(DelegatingMethodAccessorImpl.java:43)
	at java.lang.reflect.Method.invoke(Method.java:601)
	at org.junit.runners.model.FrameworkMethod$1.runReflectiveCall(FrameworkMethod.java:47)
	at org.junit.internal.runners.model.ReflectiveCallable.run(ReflectiveCallable.java:12)
	at org.junit.runners.model.FrameworkMethod.invokeExplosively(FrameworkMethod.java:44)
	at org.junit.internal.runners.statements.InvokeMethod.evaluate(InvokeMethod.java:17)
	at org.junit.internal.runners.statements.RunBefores.evaluate(RunBefores.java:26)
	at org.junit.internal.runners.statements.RunAfters.evaluate(RunAfters.java:27)
	at org.junit.runners.ParentRunner.runLeaf(ParentRunner.java:271)
	at org.junit.runners.BlockJUnit4ClassRunner.runChild(BlockJUnit4ClassRunner.java:70)
	at org.junit.runners.BlockJUnit4ClassRunner.runChild(BlockJUnit4ClassRunner.java:50)
	at org.junit.runners.ParentRunner$3.run(ParentRunner.java:238)
	at org.junit.runners.ParentRunner$1.schedule(ParentRunner.java:63)
	at org.junit.runners.ParentRunner.runChildren(ParentRunner.java:236)
	at org.junit.runners.ParentRunner.access$000(ParentRunner.java:53)
	at org.junit.runners.ParentRunner$2.evaluate(ParentRunner.java:229)
	at org.junit.runners.ParentRunner.run(ParentRunner.java:309)
	at org.apache.maven.surefire.junit4.JUnit4Provider.execute(JUnit4Provider.java:252)
	at org.apache.maven.surefire.junit4.JUnit4Provider.executeTestSet(JUnit4Provider.java:141)
	at org.apache.maven.surefire.junit4.JUnit4Provider.invoke(JUnit4Provider.java:112)
	at sun.reflect.NativeMethodAccessorImpl.invoke0(Native Method)
	at sun.reflect.NativeMethodAccessorImpl.invoke(NativeMethodAccessorImpl.java:57)
	at sun.reflect.DelegatingMethodAccessorImpl.invoke(DelegatingMethodAccessorImpl.java:43)
	at java.lang.reflect.Method.invoke(Method.java:601)
	at org.apache.maven.surefire.util.ReflectionUtils.invokeMethodWithArray(ReflectionUtils.java:189)
	at org.apache.maven.surefire.booter.ProviderFactory$ProviderProxy.invoke(ProviderFactory.java:165)
	at org.apache.maven.surefire.booter.ProviderFactory.invokeProvider(ProviderFactory.java:85)
	at org.apache.maven.surefire.booter.ForkedBooter.runSuitesInProcess(ForkedBooter.java:115)
	at org.apache.maven.surefire.booter.ForkedBooter.main(ForkedBooter.java:75)
</failure>
  </testcase>
  <testcase time="1.533" classname="com.hp.xs.devops.core.source.FistLogFileReaderTest" name="testReadLine"/>
  <testcase time="0.001" classname="com.hp.xs.devops.core.source.FistLogFileReaderTest" name="testReadDir"/>
  <testcase time="0.001" classname="com.hp.xs.devops.core.source.FistLogFileReaderTest" name="testRegxExpression"/>
</testsuite>